2025/07/12 12:44:36.093510 timing.go:27: [37m[TIMING][0m Domain=[main] Activity=[CONN] Notes=[/Volumes/External HD/Dev/GitHub/frantic-mass//data/database/frantic-mass-main.db] Count=[1] Duration=[26.586708ms]
2025/07/12 12:44:36.096619 timing.go:27: [37m[TIMING][0m Domain=[User] Activity=[INIT] Notes=[Initialise] Count=[1] Duration=[30.203042ms]
2025/07/12 12:44:36.101334 timing.go:27: [37m[TIMING][0m Domain=[baseline] Activity=[INIT] Notes=[Initialise] Count=[1] Duration=[373.042Âµs]
2025/07/12 12:44:36.101628 timing.go:27: [37m[TIMING][0m Domain=[tag] Activity=[INIT] Notes=[Initialise] Count=[1] Duration=[252.125Âµs]
2025/07/12 12:44:36.102264 timing.go:27: [37m[TIMING][0m Domain=[goal] Activity=[INIT] Notes=[Initialise] Count=[1] Duration=[610.166Âµs]
2025/07/12 12:44:36.102549 timing.go:27: [37m[TIMING][0m Domain=[weight] Activity=[INIT] Notes=[Initialise] Count=[1] Duration=[250.709Âµs]
2025/07/12 12:44:36.102810 timing.go:27: [37m[TIMING][0m Domain=[weightTag] Activity=[INIT] Notes=[Initialise] Count=[1] Duration=[235.25Âµs]
2025/07/12 12:44:36.103050 timing.go:27: [37m[TIMING][0m Domain=[weightProjection] Activity=[INIT] Notes=[Initialise] Count=[1] Duration=[216.708Âµs]
2025/07/12 12:44:36.103281 timing.go:27: [37m[TIMING][0m Domain=[weightProjectionHistory] Activity=[INIT] Notes=[Initialise] Count=[1] Duration=[220.542Âµs]
2025/07/12 12:44:36.103537 timing.go:27: [37m[TIMING][0m Domain=[dateIndex] Activity=[INIT] Notes=[Initialise] Count=[1] Duration=[228.708Âµs]
2025/07/12 12:44:36.103581 timing.go:27: [37m[TIMING][0m Domain=[User] Activity=[PROC] Notes=[POSTGET] Count=[0] Duration=[84ns]
2025/07/12 12:44:36.103584 timing.go:27: [37m[TIMING][0m Domain=[User] Activity=[GETA] Notes=[ALL] Count=[0] Duration=[17.875Âµs]
2025/07/12 12:44:36.103587 timing.go:27: [37m[TIMING][0m Domain=[User] Activity=[CLEA] Notes=[INITIALISE] Count=[0] Duration=[20.625Âµs]
2025/07/12 12:44:36.103628 timing.go:27: [37m[TIMING][0m Domain=[baseline] Activity=[PROC] Notes=[POSTGET] Count=[0] Duration=[42ns]
2025/07/12 12:44:36.103631 timing.go:27: [37m[TIMING][0m Domain=[baseline] Activity=[GETA] Notes=[ALL] Count=[0] Duration=[7.666Âµs]
2025/07/12 12:44:36.103634 timing.go:27: [37m[TIMING][0m Domain=[baseline] Activity=[CLEA] Notes=[INITIALISE] Count=[0] Duration=[10.583Âµs]
2025/07/12 12:44:36.103661 timing.go:27: [37m[TIMING][0m Domain=[tag] Activity=[PROC] Notes=[POSTGET] Count=[0] Duration=[42ns]
2025/07/12 12:44:36.103663 timing.go:27: [37m[TIMING][0m Domain=[tag] Activity=[GETA] Notes=[ALL] Count=[0] Duration=[6.291Âµs]
2025/07/12 12:44:36.103669 timing.go:27: [37m[TIMING][0m Domain=[tag] Activity=[CLEA] Notes=[INITIALISE] Count=[0] Duration=[12.291Âµs]
2025/07/12 12:44:36.103684 timing.go:27: [37m[TIMING][0m Domain=[goal] Activity=[PROC] Notes=[POSTGET] Count=[0] Duration=[125ns]
2025/07/12 12:44:36.103686 timing.go:27: [37m[TIMING][0m Domain=[goal] Activity=[GETA] Notes=[ALL] Count=[0] Duration=[5.959Âµs]
2025/07/12 12:44:36.103689 timing.go:27: [37m[TIMING][0m Domain=[goal] Activity=[CLEA] Notes=[INITIALISE] Count=[0] Duration=[9.125Âµs]
2025/07/12 12:44:36.103709 timing.go:27: [37m[TIMING][0m Domain=[weight] Activity=[PROC] Notes=[POSTGET] Count=[0] Duration=[83ns]
2025/07/12 12:44:36.103711 timing.go:27: [37m[TIMING][0m Domain=[weight] Activity=[GETA] Notes=[ALL] Count=[0] Duration=[7Âµs]
2025/07/12 12:44:36.103714 timing.go:27: [37m[TIMING][0m Domain=[weight] Activity=[CLEA] Notes=[INITIALISE] Count=[0] Duration=[9.625Âµs]
2025/07/12 12:44:36.103727 timing.go:27: [37m[TIMING][0m Domain=[weightProjection] Activity=[PROC] Notes=[POSTGET] Count=[0] Duration=[42ns]
2025/07/12 12:44:36.103730 timing.go:27: [37m[TIMING][0m Domain=[weightProjection] Activity=[GETA] Notes=[ALL] Count=[0] Duration=[5.834Âµs]
2025/07/12 12:44:36.103732 timing.go:27: [37m[TIMING][0m Domain=[weightProjection] Activity=[CLEA] Notes=[INITIALISE] Count=[0] Duration=[8.625Âµs]
2025/07/12 12:44:36.103746 timing.go:27: [37m[TIMING][0m Domain=[weightTag] Activity=[PROC] Notes=[POSTGET] Count=[0] Duration=[83ns]
2025/07/12 12:44:36.103748 timing.go:27: [37m[TIMING][0m Domain=[weightTag] Activity=[GETA] Notes=[ALL] Count=[0] Duration=[6.167Âµs]
2025/07/12 12:44:36.103751 timing.go:27: [37m[TIMING][0m Domain=[weightTag] Activity=[CLEA] Notes=[INITIALISE] Count=[0] Duration=[8.792Âµs]
2025/07/12 12:44:36.103765 timing.go:27: [37m[TIMING][0m Domain=[weightProjectionHistory] Activity=[PROC] Notes=[POSTGET] Count=[0] Duration=[125ns]
2025/07/12 12:44:36.103767 timing.go:27: [37m[TIMING][0m Domain=[weightProjectionHistory] Activity=[GETA] Notes=[ALL] Count=[0] Duration=[6.25Âµs]
2025/07/12 12:44:36.103770 timing.go:27: [37m[TIMING][0m Domain=[weightProjectionHistory] Activity=[CLEA] Notes=[INITIALISE] Count=[0] Duration=[8.959Âµs]
2025/07/12 12:44:36.103784 timing.go:27: [37m[TIMING][0m Domain=[dateIndex] Activity=[PROC] Notes=[POSTGET] Count=[0] Duration=[83ns]
2025/07/12 12:44:36.103787 timing.go:27: [37m[TIMING][0m Domain=[dateIndex] Activity=[GETA] Notes=[ALL] Count=[0] Duration=[6.417Âµs]
2025/07/12 12:44:36.103789 timing.go:27: [37m[TIMING][0m Domain=[dateIndex] Activity=[CLEA] Notes=[INITIALISE] Count=[0] Duration=[8.959Âµs]
2025/07/12 12:44:36.123738 timing.go:27: [37m[TIMING][0m Domain=[Audit] Activity=[AUDI] Notes=[Action=[CREA] Message=[New User created user_1001@example.com]] Count=[1] Duration=[19.870167ms]
2025/07/12 12:44:36.123817 timing.go:27: [37m[TIMING][0m Domain=[main] Activity=[VALI] Notes=[] Count=[1] Duration=[62.042Âµs]
2025/07/12 12:44:36.151925 timing.go:27: [37m[TIMING][0m Domain=[User] Activity=[CREA] Notes=[user_1001] Count=[1] Duration=[48.079333ms]
2025/07/12 12:44:36.152104 timing.go:27: [37m[TIMING][0m Domain=[Audit] Activity=[AUDI] Notes=[Action=[CREA] Message=[New baseline created 100000]] Count=[1] Duration=[63.125Âµs]
2025/07/12 12:44:36.152134 timing.go:27: [37m[TIMING][0m Domain=[main] Activity=[VALI] Notes=[] Count=[1] Duration=[21.75Âµs]
2025/07/12 12:44:36.166941 timing.go:27: [37m[TIMING][0m Domain=[baseline] Activity=[CREA] Notes=[100000] Count=[1] Duration=[14.909833ms]
2025/07/12 12:44:36.167014 timing.go:27: [37m[TIMING][0m Domain=[Audit] Activity=[AUDI] Notes=[Action=[CREA] Message=[New goal created 100000]] Count=[1] Duration=[12.5Âµs]
2025/07/12 12:44:36.167036 timing.go:27: [37m[TIMING][0m Domain=[main] Activity=[VALI] Notes=[] Count=[1] Duration=[12.5Âµs]
2025/07/12 12:44:36.182582 timing.go:27: [37m[TIMING][0m Domain=[goal] Activity=[CREA] Notes=[100000] Count=[1] Duration=[15.587959ms]
2025/07/12 12:44:36.182649 timing.go:27: [37m[TIMING][0m Domain=[Audit] Activity=[AUDI] Notes=[Action=[CREA] Message=[New goal created 100000]] Count=[1] Duration=[11.25Âµs]
2025/07/12 12:44:36.182663 timing.go:27: [37m[TIMING][0m Domain=[main] Activity=[VALI] Notes=[] Count=[1] Duration=[6.959Âµs]
2025/07/12 12:44:36.191672 timing.go:27: [37m[TIMING][0m Domain=[goal] Activity=[CREA] Notes=[100000] Count=[1] Duration=[9.051ms]
2025/07/12 12:44:36.191736 timing.go:27: [37m[TIMING][0m Domain=[Audit] Activity=[AUDI] Notes=[Action=[CREA] Message=[New tag created TagFor100000]] Count=[1] Duration=[10.666Âµs]
2025/07/12 12:44:36.191751 timing.go:27: [37m[TIMING][0m Domain=[main] Activity=[VALI] Notes=[] Count=[1] Duration=[8.458Âµs]
2025/07/12 12:44:36.206411 timing.go:27: [37m[TIMING][0m Domain=[tag] Activity=[CREA] Notes=[TagFor100000] Count=[1] Duration=[14.691042ms]
2025/07/12 12:44:36.206480 timing.go:27: [37m[TIMING][0m Domain=[baseline] Activity=[PROC] Notes=[POSTGET] Count=[1] Duration=[125ns]
2025/07/12 12:44:36.206483 timing.go:27: [37m[TIMING][0m Domain=[baseline] Activity=[GETA] Notes=[ALL] Count=[1] Duration=[40.333Âµs]
2025/07/12 12:44:36.206486 timing.go:27: [37m[TIMING][0m Domain=[baseline] Activity=[PROC] Notes=[POSTGET] Count=[1] Duration=[83ns]
2025/07/12 12:44:36.206489 timing.go:27: [37m[TIMING][0m Domain=[baseline] Activity=[GETA] Notes=[UserID=100000] Count=[1] Duration=[46.875Âµs]
2025/07/12 12:44:36.206512 timing.go:27: [37m[TIMING][0m Domain=[Audit] Activity=[AUDI] Notes=[Action=[CREA] Message=[New weight created 100000]] Count=[1] Duration=[19.083Âµs]
2025/07/12 12:44:36.206524 timing.go:27: [37m[TIMING][0m Domain=[main] Activity=[VALI] Notes=[] Count=[1] Duration=[7.125Âµs]
2025/07/12 12:44:36.215787 timing.go:27: [37m[TIMING][0m Domain=[weight] Activity=[CREA] Notes=[100000] Count=[1] Duration=[9.349333ms]
2025/07/12 12:44:36.215866 timing.go:27: [37m[TIMING][0m Domain=[goal] Activity=[PROC] Notes=[POSTGET] Count=[2] Duration=[333ns]
2025/07/12 12:44:36.215869 timing.go:27: [37m[TIMING][0m Domain=[goal] Activity=[GETA] Notes=[ALL] Count=[2] Duration=[55.583Âµs]
2025/07/12 12:44:36.215874 timing.go:27: [37m[TIMING][0m Domain=[goal] Activity=[PROC] Notes=[POSTGET] Count=[2] Duration=[1.458Âµs]
2025/07/12 12:44:36.215877 timing.go:27: [37m[TIMING][0m Domain=[goal] Activity=[GETA] Notes=[UserID=100000] Count=[2] Duration=[63.625Âµs]
2025/07/12 12:44:36.216028 timing.go:27: [37m[TIMING][0m Domain=[baseline] Activity=[PROC] Notes=[POSTGET] Count=[1] Duration=[208ns]
2025/07/12 12:44:36.216032 timing.go:27: [37m[TIMING][0m Domain=[baseline] Activity=[GETA] Notes=[ALL] Count=[1] Duration=[145.541Âµs]
2025/07/12 12:44:36.216037 timing.go:27: [37m[TIMING][0m Domain=[baseline] Activity=[PROC] Notes=[POSTGET] Count=[1] Duration=[125ns]
2025/07/12 12:44:36.216039 timing.go:27: [37m[TIMING][0m Domain=[baseline] Activity=[GETA] Notes=[UserID=100000] Count=[1] Duration=[152.958Âµs]
2025/07/12 12:44:36.216082 timing.go:27: [37m[TIMING][0m Domain=[baseline] Activity=[PROC] Notes=[POSTGET] Count=[1] Duration=[125ns]
2025/07/12 12:44:36.216086 timing.go:27: [37m[TIMING][0m Domain=[baseline] Activity=[GETA] Notes=[ALL] Count=[1] Duration=[15.042Âµs]
2025/07/12 12:44:36.216089 timing.go:27: [37m[TIMING][0m Domain=[baseline] Activity=[PROC] Notes=[POSTGET] Count=[1] Duration=[292ns]
2025/07/12 12:44:36.216092 timing.go:27: [37m[TIMING][0m Domain=[baseline] Activity=[GETA] Notes=[UserID=100000] Count=[1] Duration=[21.209Âµs]
2025/07/12 12:44:36.216115 timing.go:27: [37m[TIMING][0m Domain=[Audit] Activity=[AUDI] Notes=[Action=[CREA] Message=[New weightProjection created 100000â‹®100000â‹®1â‹]] Count=[1] Duration=[10.333Âµs]
2025/07/12 12:44:36.216129 timing.go:27: [37m[TIMING][0m Domain=[main] Activity=[VALI] Notes=[] Count=[1] Duration=[8.833Âµs]
2025/07/12 12:44:36.242949 timing.go:27: [37m[TIMING][0m Domain=[weightProjection] Activity=[CREA] Notes=[100000] Count=[1] Duration=[26.894417ms]
2025/07/12 12:44:36.243037 timing.go:27: [37m[TIMING][0m Domain=[baseline] Activity=[PROC] Notes=[POSTGET] Count=[1] Duration=[125ns]
2025/07/12 12:44:36.243041 timing.go:27: [37m[TIMING][0m Domain=[baseline] Activity=[GETA] Notes=[ALL] Count=[1] Duration=[35.625Âµs]
2025/07/12 12:44:36.243045 timing.go:27: [37m[TIMING][0m Domain=[baseline] Activity=[PROC] Notes=[POSTGET] Count=[1] Duration=[84ns]
2025/07/12 12:44:36.243047 timing.go:27: [37m[TIMING][0m Domain=[baseline] Activity=[GETA] Notes=[UserID=100000] Count=[1] Duration=[42.583Âµs]
2025/07/12 12:44:36.243072 timing.go:27: [37m[TIMING][0m Domain=[Audit] Activity=[AUDI] Notes=[Action=[CREA] Message=[New weightProjection created 100000â‹®100000â‹®2â‹]] Count=[1] Duration=[13.834Âµs]
2025/07/12 12:44:36.243084 timing.go:27: [37m[TIMING][0m Domain=[main] Activity=[VALI] Notes=[] Count=[1] Duration=[6.208Âµs]
2025/07/12 12:44:36.257706 timing.go:27: [37m[TIMING][0m Domain=[weightProjection] Activity=[CREA] Notes=[100000] Count=[1] Duration=[14.722333ms]
2025/07/12 12:44:36.257764 timing.go:27: [37m[TIMING][0m Domain=[baseline] Activity=[PROC] Notes=[POSTGET] Count=[1] Duration=[208ns]
2025/07/12 12:44:36.257768 timing.go:27: [37m[TIMING][0m Domain=[baseline] Activity=[GETA] Notes=[ALL] Count=[1] Duration=[34.208Âµs]
2025/07/12 12:44:36.257772 timing.go:27: [37m[TIMING][0m Domain=[baseline] Activity=[PROC] Notes=[POSTGET] Count=[1] Duration=[125ns]
2025/07/12 12:44:36.257775 timing.go:27: [37m[TIMING][0m Domain=[baseline] Activity=[GETA] Notes=[UserID=100000] Count=[1] Duration=[41.458Âµs]
2025/07/12 12:44:36.257796 timing.go:27: [37m[TIMING][0m Domain=[Audit] Activity=[AUDI] Notes=[Action=[CREA] Message=[New weightProjection created 100000â‹®100000â‹®3â‹]] Count=[1] Duration=[11.333Âµs]
2025/07/12 12:44:36.257827 timing.go:27: [37m[TIMING][0m Domain=[main] Activity=[VALI] Notes=[] Count=[1] Duration=[10.875Âµs]
2025/07/12 12:44:36.269580 timing.go:27: [37m[TIMING][0m Domain=[weightProjection] Activity=[CREA] Notes=[100000] Count=[1] Duration=[11.85675ms]
2025/07/12 12:44:36.269630 timing.go:27: [37m[TIMING][0m Domain=[baseline] Activity=[PROC] Notes=[POSTGET] Count=[1] Duration=[250ns]
2025/07/12 12:44:36.269634 timing.go:27: [37m[TIMING][0m Domain=[baseline] Activity=[GETA] Notes=[ALL] Count=[1] Duration=[25.958Âµs]
2025/07/12 12:44:36.269638 timing.go:27: [37m[TIMING][0m Domain=[baseline] Activity=[PROC] Notes=[POSTGET] Count=[1] Duration=[83ns]
2025/07/12 12:44:36.269641 timing.go:27: [37m[TIMING][0m Domain=[baseline] Activity=[GETA] Notes=[UserID=100000] Count=[1] Duration=[33.625Âµs]
2025/07/12 12:44:36.269661 timing.go:27: [37m[TIMING][0m Domain=[Audit] Activity=[AUDI] Notes=[Action=[CREA] Message=[New weightProjection created 100000â‹®100000â‹®4â‹]] Count=[1] Duration=[10.541Âµs]
2025/07/12 12:44:36.269671 timing.go:27: [37m[TIMING][0m Domain=[main] Activity=[VALI] Notes=[] Count=[1] Duration=[4.542Âµs]
2025/07/12 12:44:36.285310 timing.go:27: [37m[TIMING][0m Domain=[weightProjection] Activity=[CREA] Notes=[100000] Count=[1] Duration=[15.713958ms]
2025/07/12 12:44:36.285364 timing.go:27: [37m[TIMING][0m Domain=[baseline] Activity=[PROC] Notes=[POSTGET] Count=[1] Duration=[125ns]
2025/07/12 12:44:36.285368 timing.go:27: [37m[TIMING][0m Domain=[baseline] Activity=[GETA] Notes=[ALL] Count=[1] Duration=[27.708Âµs]
2025/07/12 12:44:36.285371 timing.go:27: [37m[TIMING][0m Domain=[baseline] Activity=[PROC] Notes=[POSTGET] Count=[1] Duration=[84ns]
2025/07/12 12:44:36.285373 timing.go:27: [37m[TIMING][0m Domain=[baseline] Activity=[GETA] Notes=[UserID=100000] Count=[1] Duration=[34.25Âµs]
2025/07/12 12:44:36.285402 timing.go:27: [37m[TIMING][0m Domain=[Audit] Activity=[AUDI] Notes=[Action=[CREA] Message=[New weightProjection created 100000â‹®100000â‹®5â‹]] Count=[1] Duration=[12.542Âµs]
2025/07/12 12:44:36.285413 timing.go:27: [37m[TIMING][0m Domain=[main] Activity=[VALI] Notes=[] Count=[1] Duration=[5.084Âµs]
2025/07/12 12:44:36.297284 timing.go:27: [37m[TIMING][0m Domain=[weightProjection] Activity=[CREA] Notes=[100000] Count=[1] Duration=[11.954916ms]
2025/07/12 12:44:36.297364 timing.go:27: [37m[TIMING][0m Domain=[baseline] Activity=[PROC] Notes=[POSTGET] Count=[1] Duration=[208ns]
2025/07/12 12:44:36.297368 timing.go:27: [37m[TIMING][0m Domain=[baseline] Activity=[GETA] Notes=[ALL] Count=[1] Duration=[36.375Âµs]
2025/07/12 12:44:36.297375 timing.go:27: [37m[TIMING][0m Domain=[baseline] Activity=[PROC] Notes=[POSTGET] Count=[1] Duration=[125ns]
2025/07/12 12:44:36.297377 timing.go:27: [37m[TIMING][0m Domain=[baseline] Activity=[GETA] Notes=[UserID=100000] Count=[1] Duration=[47.375Âµs]
2025/07/12 12:44:36.297406 timing.go:27: [37m[TIMING][0m Domain=[Audit] Activity=[AUDI] Notes=[Action=[CREA] Message=[New weightProjection created 100000â‹®100000â‹®6â‹]] Count=[1] Duration=[15.875Âµs]
2025/07/12 12:44:36.297419 timing.go:27: [37m[TIMING][0m Domain=[main] Activity=[VALI] Notes=[] Count=[1] Duration=[6.666Âµs]
2025/07/12 12:44:36.307129 timing.go:27: [37m[TIMING][0m Domain=[weightProjection] Activity=[CREA] Notes=[100000] Count=[1] Duration=[9.817292ms]
2025/07/12 12:44:36.307196 timing.go:27: [37m[TIMING][0m Domain=[baseline] Activity=[PROC] Notes=[POSTGET] Count=[1] Duration=[208ns]
2025/07/12 12:44:36.307199 timing.go:27: [37m[TIMING][0m Domain=[baseline] Activity=[GETA] Notes=[ALL] Count=[1] Duration=[32.125Âµs]
2025/07/12 12:44:36.307202 timing.go:27: [37m[TIMING][0m Domain=[baseline] Activity=[PROC] Notes=[POSTGET] Count=[1] Duration=[125ns]
2025/07/12 12:44:36.307205 timing.go:27: [37m[TIMING][0m Domain=[baseline] Activity=[GETA] Notes=[UserID=100000] Count=[1] Duration=[39.292Âµs]
2025/07/12 12:44:36.307229 timing.go:27: [37m[TIMING][0m Domain=[Audit] Activity=[AUDI] Notes=[Action=[CREA] Message=[New weightProjection created 100000â‹®100000â‹®7â‹]] Count=[1] Duration=[14.208Âµs]
2025/07/12 12:44:36.307241 timing.go:27: [37m[TIMING][0m Domain=[main] Activity=[VALI] Notes=[] Count=[1] Duration=[5.542Âµs]
2025/07/12 12:44:36.335200 timing.go:27: [37m[TIMING][0m Domain=[weightProjection] Activity=[CREA] Notes=[100000] Count=[1] Duration=[28.053791ms]
2025/07/12 12:44:36.335301 timing.go:27: [37m[TIMING][0m Domain=[baseline] Activity=[PROC] Notes=[POSTGET] Count=[1] Duration=[125ns]
2025/07/12 12:44:36.335305 timing.go:27: [37m[TIMING][0m Domain=[baseline] Activity=[GETA] Notes=[ALL] Count=[1] Duration=[54.542Âµs]
2025/07/12 12:44:36.335308 timing.go:27: [37m[TIMING][0m Domain=[baseline] Activity=[PROC] Notes=[POSTGET] Count=[1] Duration=[84ns]
2025/07/12 12:44:36.335317 timing.go:27: [37m[TIMING][0m Domain=[baseline] Activity=[GETA] Notes=[UserID=100000] Count=[1] Duration=[67.417Âµs]
2025/07/12 12:44:36.335346 timing.go:27: [37m[TIMING][0m Domain=[Audit] Activity=[AUDI] Notes=[Action=[CREA] Message=[New weightProjection created 100000â‹®100000â‹®8â‹]] Count=[1] Duration=[17.875Âµs]
2025/07/12 12:44:36.335361 timing.go:27: [37m[TIMING][0m Domain=[main] Activity=[VALI] Notes=[] Count=[1] Duration=[7.166Âµs]
2025/07/12 12:44:36.358130 timing.go:27: [37m[TIMING][0m Domain=[weightProjection] Activity=[CREA] Notes=[100000] Count=[1] Duration=[22.897625ms]
2025/07/12 12:44:36.358194 timing.go:27: [37m[TIMING][0m Domain=[baseline] Activity=[PROC] Notes=[POSTGET] Count=[1] Duration=[125ns]
2025/07/12 12:44:36.358198 timing.go:27: [37m[TIMING][0m Domain=[baseline] Activity=[GETA] Notes=[ALL] Count=[1] Duration=[33.208Âµs]
2025/07/12 12:44:36.358204 timing.go:27: [37m[TIMING][0m Domain=[baseline] Activity=[PROC] Notes=[POSTGET] Count=[1] Duration=[4Âµs]
2025/07/12 12:44:36.358207 timing.go:27: [37m[TIMING][0m Domain=[baseline] Activity=[GETA] Notes=[UserID=100000] Count=[1] Duration=[43.167Âµs]
2025/07/12 12:44:36.358228 timing.go:27: [37m[TIMING][0m Domain=[Audit] Activity=[AUDI] Notes=[Action=[CREA] Message=[New weightProjection created 100000â‹®100000â‹®9â‹]] Count=[1] Duration=[12.208Âµs]
2025/07/12 12:44:36.358240 timing.go:27: [37m[TIMING][0m Domain=[main] Activity=[VALI] Notes=[] Count=[1] Duration=[6.041Âµs]
2025/07/12 12:44:36.374859 timing.go:27: [37m[TIMING][0m Domain=[weightProjection] Activity=[CREA] Notes=[100000] Count=[1] Duration=[16.708417ms]
2025/07/12 12:44:36.374933 timing.go:27: [37m[TIMING][0m Domain=[baseline] Activity=[PROC] Notes=[POSTGET] Count=[1] Duration=[292ns]
2025/07/12 12:44:36.374941 timing.go:27: [37m[TIMING][0m Domain=[baseline] Activity=[GETA] Notes=[ALL] Count=[1] Duration=[43.792Âµs]
2025/07/12 12:44:36.374944 timing.go:27: [37m[TIMING][0m Domain=[baseline] Activity=[PROC] Notes=[POSTGET] Count=[1] Duration=[125ns]
2025/07/12 12:44:36.374947 timing.go:27: [37m[TIMING][0m Domain=[baseline] Activity=[GETA] Notes=[UserID=100000] Count=[1] Duration=[51.208Âµs]
2025/07/12 12:44:36.374977 timing.go:27: [37m[TIMING][0m Domain=[Audit] Activity=[AUDI] Notes=[Action=[CREA] Message=[New weightProjection created 100000â‹®100000â‹®10â‹]] Count=[1] Duration=[16.708Âµs]
2025/07/12 12:44:36.374988 timing.go:27: [37m[TIMING][0m Domain=[main] Activity=[VALI] Notes=[] Count=[1] Duration=[5.292Âµs]
2025/07/12 12:44:36.390101 timing.go:27: [37m[TIMING][0m Domain=[weightProjection] Activity=[CREA] Notes=[100000] Count=[1] Duration=[15.218042ms]
2025/07/12 12:44:36.390169 timing.go:27: [37m[TIMING][0m Domain=[baseline] Activity=[PROC] Notes=[POSTGET] Count=[1] Duration=[125ns]
2025/07/12 12:44:36.390174 timing.go:27: [37m[TIMING][0m Domain=[baseline] Activity=[GETA] Notes=[ALL] Count=[1] Duration=[34.041Âµs]
2025/07/12 12:44:36.390177 timing.go:27: [37m[TIMING][0m Domain=[baseline] Activity=[PROC] Notes=[POSTGET] Count=[1] Duration=[250ns]
2025/07/12 12:44:36.390180 timing.go:27: [37m[TIMING][0m Domain=[baseline] Activity=[GETA] Notes=[UserID=100000] Count=[1] Duration=[41.667Âµs]
2025/07/12 12:44:36.390204 timing.go:27: [37m[TIMING][0m Domain=[Audit] Activity=[AUDI] Notes=[Action=[CREA] Message=[New weightProjection created 100000â‹®100000â‹®11â‹]] Count=[1] Duration=[13.333Âµs]
2025/07/12 12:44:36.390219 timing.go:27: [37m[TIMING][0m Domain=[main] Activity=[VALI] Notes=[] Count=[1] Duration=[8.667Âµs]
2025/07/12 12:44:36.401759 timing.go:27: [37m[TIMING][0m Domain=[weightProjection] Activity=[CREA] Notes=[100000] Count=[1] Duration=[11.632416ms]
2025/07/12 12:44:36.401829 timing.go:27: [37m[TIMING][0m Domain=[baseline] Activity=[PROC] Notes=[POSTGET] Count=[1] Duration=[167ns]
2025/07/12 12:44:36.401833 timing.go:27: [37m[TIMING][0m Domain=[baseline] Activity=[GETA] Notes=[ALL] Count=[1] Duration=[31.167Âµs]
2025/07/12 12:44:36.401836 timing.go:27: [37m[TIMING][0m Domain=[baseline] Activity=[PROC] Notes=[POSTGET] Count=[1] Duration=[83ns]
2025/07/12 12:44:36.401838 timing.go:27: [37m[TIMING][0m Domain=[baseline] Activity=[GETA] Notes=[UserID=100000] Count=[1] Duration=[37.25Âµs]
2025/07/12 12:44:36.401857 timing.go:27: [37m[TIMING][0m Domain=[Audit] Activity=[AUDI] Notes=[Action=[CREA] Message=[New weightProjection created 100000â‹®100000â‹®12â‹]] Count=[1] Duration=[10.042Âµs]
2025/07/12 12:44:36.401867 timing.go:27: [37m[TIMING][0m Domain=[main] Activity=[VALI] Notes=[] Count=[1] Duration=[4.584Âµs]
2025/07/12 12:44:36.411197 timing.go:27: [37m[TIMING][0m Domain=[weightProjection] Activity=[CREA] Notes=[100000] Count=[1] Duration=[9.406333ms]
2025/07/12 12:44:36.411247 timing.go:27: [37m[TIMING][0m Domain=[baseline] Activity=[PROC] Notes=[POSTGET] Count=[1] Duration=[167ns]
2025/07/12 12:44:36.411250 timing.go:27: [37m[TIMING][0m Domain=[baseline] Activity=[GETA] Notes=[ALL] Count=[1] Duration=[23.708Âµs]
2025/07/12 12:44:36.411254 timing.go:27: [37m[TIMING][0m Domain=[baseline] Activity=[PROC] Notes=[POSTGET] Count=[1] Duration=[209ns]
2025/07/12 12:44:36.411256 timing.go:27: [37m[TIMING][0m Domain=[baseline] Activity=[GETA] Notes=[UserID=100000] Count=[1] Duration=[30.459Âµs]
2025/07/12 12:44:36.411275 timing.go:27: [37m[TIMING][0m Domain=[Audit] Activity=[AUDI] Notes=[Action=[CREA] Message=[New weightProjection created 100000â‹®100000â‹®13â‹]] Count=[1] Duration=[10.042Âµs]
2025/07/12 12:44:36.411285 timing.go:27: [37m[TIMING][0m Domain=[main] Activity=[VALI] Notes=[] Count=[1] Duration=[4.75Âµs]
2025/07/12 12:44:36.434177 timing.go:27: [37m[TIMING][0m Domain=[weightProjection] Activity=[CREA] Notes=[100000] Count=[1] Duration=[22.957ms]
2025/07/12 12:44:36.434251 timing.go:27: [37m[TIMING][0m Domain=[baseline] Activity=[PROC] Notes=[POSTGET] Count=[1] Duration=[125ns]
2025/07/12 12:44:36.434256 timing.go:27: [37m[TIMING][0m Domain=[baseline] Activity=[GETA] Notes=[ALL] Count=[1] Duration=[36.291Âµs]
2025/07/12 12:44:36.434260 timing.go:27: [37m[TIMING][0m Domain=[baseline] Activity=[PROC] Notes=[POSTGET] Count=[1] Duration=[83ns]
2025/07/12 12:44:36.434262 timing.go:27: [37m[TIMING][0m Domain=[baseline] Activity=[GETA] Notes=[UserID=100000] Count=[1] Duration=[43.708Âµs]
2025/07/12 12:44:36.434296 timing.go:27: [37m[TIMING][0m Domain=[Audit] Activity=[AUDI] Notes=[Action=[CREA] Message=[New weightProjection created 100000â‹®100000â‹®14â‹]] Count=[1] Duration=[23.417Âµs]
2025/07/12 12:44:36.434323 timing.go:27: [37m[TIMING][0m Domain=[main] Activity=[VALI] Notes=[] Count=[1] Duration=[19.459Âµs]
2025/07/12 12:44:36.444198 timing.go:27: [37m[TIMING][0m Domain=[weightProjection] Activity=[CREA] Notes=[100000] Count=[1] Duration=[9.993833ms]
2025/07/12 12:44:36.444274 timing.go:27: [37m[TIMING][0m Domain=[baseline] Activity=[PROC] Notes=[POSTGET] Count=[1] Duration=[250ns]
2025/07/12 12:44:36.444286 timing.go:27: [37m[TIMING][0m Domain=[baseline] Activity=[GETA] Notes=[ALL] Count=[1] Duration=[53.917Âµs]
2025/07/12 12:44:36.444296 timing.go:27: [37m[TIMING][0m Domain=[baseline] Activity=[PROC] Notes=[POSTGET] Count=[1] Duration=[125ns]
2025/07/12 12:44:36.444300 timing.go:27: [37m[TIMING][0m Domain=[baseline] Activity=[GETA] Notes=[UserID=100000] Count=[1] Duration=[68.084Âµs]
2025/07/12 12:44:36.444324 timing.go:27: [37m[TIMING][0m Domain=[Audit] Activity=[AUDI] Notes=[Action=[CREA] Message=[New weightProjection created 100000â‹®100000â‹®15â‹]] Count=[1] Duration=[11.125Âµs]
2025/07/12 12:44:36.444336 timing.go:27: [37m[TIMING][0m Domain=[main] Activity=[VALI] Notes=[] Count=[1] Duration=[6.334Âµs]
2025/07/12 12:44:36.473149 timing.go:27: [37m[TIMING][0m Domain=[weightProjection] Activity=[CREA] Notes=[100000] Count=[1] Duration=[28.927333ms]
2025/07/12 12:44:36.473212 timing.go:27: [37m[TIMING][0m Domain=[baseline] Activity=[PROC] Notes=[POSTGET] Count=[1] Duration=[83ns]
2025/07/12 12:44:36.473215 timing.go:27: [37m[TIMING][0m Domain=[baseline] Activity=[GETA] Notes=[ALL] Count=[1] Duration=[32.625Âµs]
2025/07/12 12:44:36.473219 timing.go:27: [37m[TIMING][0m Domain=[baseline] Activity=[PROC] Notes=[POSTGET] Count=[1] Duration=[167ns]
2025/07/12 12:44:36.473221 timing.go:27: [37m[TIMING][0m Domain=[baseline] Activity=[GETA] Notes=[UserID=100000] Count=[1] Duration=[39.083Âµs]
2025/07/12 12:44:36.473242 timing.go:27: [37m[TIMING][0m Domain=[Audit] Activity=[AUDI] Notes=[Action=[CREA] Message=[New weightProjection created 100000â‹®100000â‹®16â‹]] Count=[1] Duration=[11.25Âµs]
2025/07/12 12:44:36.473253 timing.go:27: [37m[TIMING][0m Domain=[main] Activity=[VALI] Notes=[] Count=[1] Duration=[6.417Âµs]
2025/07/12 12:44:36.488187 timing.go:27: [37m[TIMING][0m Domain=[weightProjection] Activity=[CREA] Notes=[100000] Count=[1] Duration=[15.017375ms]
2025/07/12 12:44:36.488262 timing.go:27: [37m[TIMING][0m Domain=[baseline] Activity=[PROC] Notes=[POSTGET] Count=[1] Duration=[291ns]
2025/07/12 12:44:36.488276 timing.go:27: [37m[TIMING][0m Domain=[baseline] Activity=[GETA] Notes=[ALL] Count=[1] Duration=[53.584Âµs]
2025/07/12 12:44:36.488281 timing.go:27: [37m[TIMING][0m Domain=[baseline] Activity=[PROC] Notes=[POSTGET] Count=[1] Duration=[125ns]
2025/07/12 12:44:36.488284 timing.go:27: [37m[TIMING][0m Domain=[baseline] Activity=[GETA] Notes=[UserID=100000] Count=[1] Duration=[62.291Âµs]
2025/07/12 12:44:36.488325 timing.go:27: [37m[TIMING][0m Domain=[Audit] Activity=[AUDI] Notes=[Action=[CREA] Message=[New weightProjection created 100000â‹®100000â‹®17â‹]] Count=[1] Duration=[23.334Âµs]
2025/07/12 12:44:36.488340 timing.go:27: [37m[TIMING][0m Domain=[main] Activity=[VALI] Notes=[] Count=[1] Duration=[5.833Âµs]
2025/07/12 12:44:36.503880 timing.go:27: [37m[TIMING][0m Domain=[weightProjection] Activity=[CREA] Notes=[100000] Count=[1] Duration=[15.670125ms]
2025/07/12 12:44:36.503938 timing.go:27: [37m[TIMING][0m Domain=[baseline] Activity=[PROC] Notes=[POSTGET] Count=[1] Duration=[208ns]
2025/07/12 12:44:36.503943 timing.go:27: [37m[TIMING][0m Domain=[baseline] Activity=[GETA] Notes=[ALL] Count=[1] Duration=[31.375Âµs]
2025/07/12 12:44:36.503946 timing.go:27: [37m[TIMING][0m Domain=[baseline] Activity=[PROC] Notes=[POSTGET] Count=[1] Duration=[83ns]
2025/07/12 12:44:36.503948 timing.go:27: [37m[TIMING][0m Domain=[baseline] Activity=[GETA] Notes=[UserID=100000] Count=[1] Duration=[37.75Âµs]
2025/07/12 12:44:36.503967 timing.go:27: [37m[TIMING][0m Domain=[Audit] Activity=[AUDI] Notes=[Action=[CREA] Message=[New weightProjection created 100000â‹®100000â‹®18â‹]] Count=[1] Duration=[9.833Âµs]
2025/07/12 12:44:36.503979 timing.go:27: [37m[TIMING][0m Domain=[main] Activity=[VALI] Notes=[] Count=[1] Duration=[6.292Âµs]
2025/07/12 12:44:36.527198 timing.go:27: [37m[TIMING][0m Domain=[weightProjection] Activity=[CREA] Notes=[100000] Count=[1] Duration=[23.299917ms]
2025/07/12 12:44:36.527320 timing.go:27: [37m[TIMING][0m Domain=[baseline] Activity=[PROC] Notes=[POSTGET] Count=[1] Duration=[208ns]
2025/07/12 12:44:36.527326 timing.go:27: [37m[TIMING][0m Domain=[baseline] Activity=[GETA] Notes=[ALL] Count=[1] Duration=[58.208Âµs]
2025/07/12 12:44:36.527329 timing.go:27: [37m[TIMING][0m Domain=[baseline] Activity=[PROC] Notes=[POSTGET] Count=[1] Duration=[84ns]
2025/07/12 12:44:36.527333 timing.go:27: [37m[TIMING][0m Domain=[baseline] Activity=[GETA] Notes=[UserID=100000] Count=[1] Duration=[69.208Âµs]
2025/07/12 12:44:36.527359 timing.go:27: [37m[TIMING][0m Domain=[Audit] Activity=[AUDI] Notes=[Action=[CREA] Message=[New weightProjection created 100000â‹®100000â‹®19â‹]] Count=[1] Duration=[15.542Âµs]
2025/07/12 12:44:36.527370 timing.go:27: [37m[TIMING][0m Domain=[main] Activity=[VALI] Notes=[] Count=[1] Duration=[5.333Âµs]
2025/07/12 12:44:36.546799 timing.go:27: [37m[TIMING][0m Domain=[weightProjection] Activity=[CREA] Notes=[100000] Count=[1] Duration=[19.559916ms]
2025/07/12 12:44:36.546877 timing.go:27: [37m[TIMING][0m Domain=[baseline] Activity=[PROC] Notes=[POSTGET] Count=[1] Duration=[167ns]
2025/07/12 12:44:36.546881 timing.go:27: [37m[TIMING][0m Domain=[baseline] Activity=[GETA] Notes=[ALL] Count=[1] Duration=[42.75Âµs]
2025/07/12 12:44:36.546885 timing.go:27: [37m[TIMING][0m Domain=[baseline] Activity=[PROC] Notes=[POSTGET] Count=[1] Duration=[208ns]
2025/07/12 12:44:36.546887 timing.go:27: [37m[TIMING][0m Domain=[baseline] Activity=[GETA] Notes=[UserID=100000] Count=[1] Duration=[50.125Âµs]
2025/07/12 12:44:36.546911 timing.go:27: [37m[TIMING][0m Domain=[Audit] Activity=[AUDI] Notes=[Action=[CREA] Message=[New weightProjection created 100000â‹®100000â‹®20â‹]] Count=[1] Duration=[13.291Âµs]
2025/07/12 12:44:36.546926 timing.go:27: [37m[TIMING][0m Domain=[main] Activity=[VALI] Notes=[] Count=[1] Duration=[6.417Âµs]
2025/07/12 12:44:36.558752 timing.go:27: [37m[TIMING][0m Domain=[weightProjection] Activity=[CREA] Notes=[100000] Count=[1] Duration=[11.931042ms]
2025/07/12 12:44:36.558806 timing.go:27: [37m[TIMING][0m Domain=[baseline] Activity=[PROC] Notes=[POSTGET] Count=[1] Duration=[125ns]
2025/07/12 12:44:36.558810 timing.go:27: [37m[TIMING][0m Domain=[baseline] Activity=[GETA] Notes=[ALL] Count=[1] Duration=[27.709Âµs]
2025/07/12 12:44:36.558812 timing.go:27: [37m[TIMING][0m Domain=[baseline] Activity=[PROC] Notes=[POSTGET] Count=[1] Duration=[83ns]
2025/07/12 12:44:36.558815 timing.go:27: [37m[TIMING][0m Domain=[baseline] Activity=[GETA] Notes=[UserID=100000] Count=[1] Duration=[33.25Âµs]
2025/07/12 12:44:36.558833 timing.go:27: [37m[TIMING][0m Domain=[Audit] Activity=[AUDI] Notes=[Action=[CREA] Message=[New weightProjection created 100000â‹®100000â‹®21â‹]] Count=[1] Duration=[10.084Âµs]
2025/07/12 12:44:36.558843 timing.go:27: [37m[TIMING][0m Domain=[main] Activity=[VALI] Notes=[] Count=[1] Duration=[5.666Âµs]
2025/07/12 12:44:36.577698 timing.go:27: [37m[TIMING][0m Domain=[weightProjection] Activity=[CREA] Notes=[100000] Count=[1] Duration=[18.928333ms]
2025/07/12 12:44:36.577757 timing.go:27: [37m[TIMING][0m Domain=[baseline] Activity=[PROC] Notes=[POSTGET] Count=[1] Duration=[125ns]
2025/07/12 12:44:36.577760 timing.go:27: [37m[TIMING][0m Domain=[baseline] Activity=[GETA] Notes=[ALL] Count=[1] Duration=[28.834Âµs]
2025/07/12 12:44:36.577764 timing.go:27: [37m[TIMING][0m Domain=[baseline] Activity=[PROC] Notes=[POSTGET] Count=[1] Duration=[125ns]
2025/07/12 12:44:36.577766 timing.go:27: [37m[TIMING][0m Domain=[baseline] Activity=[GETA] Notes=[UserID=100000] Count=[1] Duration=[35.542Âµs]
2025/07/12 12:44:36.577785 timing.go:27: [37m[TIMING][0m Domain=[Audit] Activity=[AUDI] Notes=[Action=[CREA] Message=[New weightProjection created 100000â‹®100000â‹®22â‹]] Count=[1] Duration=[10.583Âµs]
2025/07/12 12:44:36.577795 timing.go:27: [37m[TIMING][0m Domain=[main] Activity=[VALI] Notes=[] Count=[1] Duration=[5.459Âµs]
2025/07/12 12:44:36.602777 timing.go:27: [37m[TIMING][0m Domain=[weightProjection] Activity=[CREA] Notes=[100000] Count=[1] Duration=[25.06275ms]
2025/07/12 12:44:36.602830 timing.go:27: [37m[TIMING][0m Domain=[baseline] Activity=[PROC] Notes=[POSTGET] Count=[1] Duration=[83ns]
2025/07/12 12:44:36.602833 timing.go:27: [37m[TIMING][0m Domain=[baseline] Activity=[GETA] Notes=[ALL] Count=[1] Duration=[24.709Âµs]
2025/07/12 12:44:36.602837 timing.go:27: [37m[TIMING][0m Domain=[baseline] Activity=[PROC] Notes=[POSTGET] Count=[1] Duration=[250ns]
2025/07/12 12:44:36.602840 timing.go:27: [37m[TIMING][0m Domain=[baseline] Activity=[GETA] Notes=[UserID=100000] Count=[1] Duration=[31.417Âµs]
2025/07/12 12:44:36.602860 timing.go:27: [37m[TIMING][0m Domain=[Audit] Activity=[AUDI] Notes=[Action=[CREA] Message=[New weightProjection created 100000â‹®100000â‹®23â‹]] Count=[1] Duration=[9.667Âµs]
2025/07/12 12:44:36.602875 timing.go:27: [37m[TIMING][0m Domain=[main] Activity=[VALI] Notes=[] Count=[1] Duration=[9.667Âµs]
2025/07/12 12:44:36.622630 timing.go:27: [37m[TIMING][0m Domain=[weightProjection] Activity=[CREA] Notes=[100000] Count=[1] Duration=[19.836917ms]
2025/07/12 12:44:36.622674 timing.go:27: [37m[TIMING][0m Domain=[baseline] Activity=[PROC] Notes=[POSTGET] Count=[1] Duration=[209ns]
2025/07/12 12:44:36.622678 timing.go:27: [37m[TIMING][0m Domain=[baseline] Activity=[GETA] Notes=[ALL] Count=[1] Duration=[24.083Âµs]
2025/07/12 12:44:36.622681 timing.go:27: [37m[TIMING][0m Domain=[baseline] Activity=[PROC] Notes=[POSTGET] Count=[1] Duration=[125ns]
2025/07/12 12:44:36.622683 timing.go:27: [37m[TIMING][0m Domain=[baseline] Activity=[GETA] Notes=[UserID=100000] Count=[1] Duration=[30.375Âµs]
2025/07/12 12:44:36.622748 timing.go:27: [37m[TIMING][0m Domain=[weight] Activity=[PROC] Notes=[POSTGET] Count=[1] Duration=[36.667Âµs]
2025/07/12 12:44:36.622751 timing.go:27: [37m[TIMING][0m Domain=[weight] Activity=[GETA] Notes=[ALL] Count=[1] Duration=[59.666Âµs]
2025/07/12 12:44:36.622758 timing.go:27: [37m[TIMING][0m Domain=[weight] Activity=[PROC] Notes=[POSTGET] Count=[1] Duration=[3.333Âµs]
2025/07/12 12:44:36.622760 timing.go:27: [37m[TIMING][0m Domain=[weight] Activity=[GETA] Notes=[UserID=100000] Count=[1] Duration=[69.167Âµs]
2025/07/12 12:44:36.626356 timing.go:27: [37m[TIMING][0m Domain=[baseline] Activity=[PROC] Notes=[POSTGET] Count=[1] Duration=[166ns]
2025/07/12 12:44:36.626360 timing.go:27: [37m[TIMING][0m Domain=[baseline] Activity=[GETA] Notes=[ALL] Count=[1] Duration=[21.834Âµs]
2025/07/12 12:44:36.626363 timing.go:27: [37m[TIMING][0m Domain=[baseline] Activity=[PROC] Notes=[POSTGET] Count=[1] Duration=[125ns]
2025/07/12 12:44:36.626367 timing.go:27: [37m[TIMING][0m Domain=[baseline] Activity=[GETA] Notes=[UserID=100000] Count=[1] Duration=[29.583Âµs]
2025/07/12 12:44:36.626387 timing.go:27: [37m[TIMING][0m Domain=[Audit] Activity=[AUDI] Notes=[Action=[CREA] Message=[New weightProjection created 100000â‹®100001â‹®1â‹]] Count=[1] Duration=[10.875Âµs]
2025/07/12 12:44:36.626398 timing.go:27: [37m[TIMING][0m Domain=[main] Activity=[VALI] Notes=[] Count=[1] Duration=[5.583Âµs]
2025/07/12 12:44:36.645533 timing.go:27: [37m[TIMING][0m Domain=[weightProjection] Activity=[CREA] Notes=[100000] Count=[1] Duration=[19.205667ms]
2025/07/12 12:44:36.645585 timing.go:27: [37m[TIMING][0m Domain=[baseline] Activity=[PROC] Notes=[POSTGET] Count=[1] Duration=[125ns]
2025/07/12 12:44:36.645588 timing.go:27: [37m[TIMING][0m Domain=[baseline] Activity=[GETA] Notes=[ALL] Count=[1] Duration=[25.5Âµs]
2025/07/12 12:44:36.645592 timing.go:27: [37m[TIMING][0m Domain=[baseline] Activity=[PROC] Notes=[POSTGET] Count=[1] Duration=[125ns]
2025/07/12 12:44:36.645594 timing.go:27: [37m[TIMING][0m Domain=[baseline] Activity=[GETA] Notes=[UserID=100000] Count=[1] Duration=[32.459Âµs]
2025/07/12 12:44:36.645617 timing.go:27: [37m[TIMING][0m Domain=[Audit] Activity=[AUDI] Notes=[Action=[CREA] Message=[New weightProjection created 100000â‹®100001â‹®2â‹]] Count=[1] Duration=[13.792Âµs]
2025/07/12 12:44:36.645627 timing.go:27: [37m[TIMING][0m Domain=[main] Activity=[VALI] Notes=[] Count=[1] Duration=[4.584Âµs]
2025/07/12 12:44:36.664402 timing.go:27: [37m[TIMING][0m Domain=[weightProjection] Activity=[CREA] Notes=[100000] Count=[1] Duration=[18.852208ms]
2025/07/12 12:44:36.664440 timing.go:27: [37m[TIMING][0m Domain=[baseline] Activity=[PROC] Notes=[POSTGET] Count=[1] Duration=[208ns]
2025/07/12 12:44:36.664443 timing.go:27: [37m[TIMING][0m Domain=[baseline] Activity=[GETA] Notes=[ALL] Count=[1] Duration=[20.291Âµs]
2025/07/12 12:44:36.664447 timing.go:27: [37m[TIMING][0m Domain=[baseline] Activity=[PROC] Notes=[POSTGET] Count=[1] Duration=[125ns]
2025/07/12 12:44:36.664450 timing.go:27: [37m[TIMING][0m Domain=[baseline] Activity=[GETA] Notes=[UserID=100000] Count=[1] Duration=[26.875Âµs]
2025/07/12 12:44:36.664466 timing.go:27: [37m[TIMING][0m Domain=[Audit] Activity=[AUDI] Notes=[Action=[CREA] Message=[New weightProjection created 100000â‹®100001â‹®3â‹]] Count=[1] Duration=[8.834Âµs]
2025/07/12 12:44:36.664476 timing.go:27: [37m[TIMING][0m Domain=[main] Activity=[VALI] Notes=[] Count=[1] Duration=[4.167Âµs]
2025/07/12 12:44:36.693846 timing.go:27: [37m[TIMING][0m Domain=[weightProjection] Activity=[CREA] Notes=[100000] Count=[1] Duration=[29.431541ms]
2025/07/12 12:44:36.693935 timing.go:27: [37m[TIMING][0m Domain=[baseline] Activity=[PROC] Notes=[POSTGET] Count=[1] Duration=[209ns]
2025/07/12 12:44:36.693940 timing.go:27: [37m[TIMING][0m Domain=[baseline] Activity=[GETA] Notes=[ALL] Count=[1] Duration=[42.708Âµs]
2025/07/12 12:44:36.693943 timing.go:27: [37m[TIMING][0m Domain=[baseline] Activity=[PROC] Notes=[POSTGET] Count=[1] Duration=[125ns]
2025/07/12 12:44:36.693945 timing.go:27: [37m[TIMING][0m Domain=[baseline] Activity=[GETA] Notes=[UserID=100000] Count=[1] Duration=[48.667Âµs]
2025/07/12 12:44:36.693972 timing.go:27: [37m[TIMING][0m Domain=[Audit] Activity=[AUDI] Notes=[Action=[CREA] Message=[New weightProjection created 100000â‹®100001â‹®4â‹]] Count=[1] Duration=[15.25Âµs]
2025/07/12 12:44:36.693986 timing.go:27: [37m[TIMING][0m Domain=[main] Activity=[VALI] Notes=[] Count=[1] Duration=[9.125Âµs]
2025/07/12 12:44:36.714899 timing.go:27: [37m[TIMING][0m Domain=[weightProjection] Activity=[CREA] Notes=[100000] Count=[1] Duration=[21.020292ms]
2025/07/12 12:44:36.714970 timing.go:27: [37m[TIMING][0m Domain=[baseline] Activity=[PROC] Notes=[POSTGET] Count=[1] Duration=[166ns]
2025/07/12 12:44:36.714974 timing.go:27: [37m[TIMING][0m Domain=[baseline] Activity=[GETA] Notes=[ALL] Count=[1] Duration=[32.084Âµs]
2025/07/12 12:44:36.714978 timing.go:27: [37m[TIMING][0m Domain=[baseline] Activity=[PROC] Notes=[POSTGET] Count=[1] Duration=[167ns]
2025/07/12 12:44:36.714980 timing.go:27: [37m[TIMING][0m Domain=[baseline] Activity=[GETA] Notes=[UserID=100000] Count=[1] Duration=[38.791Âµs]
2025/07/12 12:44:36.715005 timing.go:27: [37m[TIMING][0m Domain=[Audit] Activity=[AUDI] Notes=[Action=[CREA] Message=[New weightProjection created 100000â‹®100001â‹®5â‹]] Count=[1] Duration=[15.5Âµs]
2025/07/12 12:44:36.715018 timing.go:27: [37m[TIMING][0m Domain=[main] Activity=[VALI] Notes=[] Count=[1] Duration=[7.458Âµs]
2025/07/12 12:44:36.749013 timing.go:27: [37m[TIMING][0m Domain=[weightProjection] Activity=[CREA] Notes=[100000] Count=[1] Duration=[34.085291ms]
2025/07/12 12:44:36.749111 timing.go:27: [37m[TIMING][0m Domain=[baseline] Activity=[PROC] Notes=[POSTGET] Count=[1] Duration=[208ns]
2025/07/12 12:44:36.749118 timing.go:27: [37m[TIMING][0m Domain=[baseline] Activity=[GETA] Notes=[ALL] Count=[1] Duration=[45Âµs]
2025/07/12 12:44:36.749122 timing.go:27: [37m[TIMING][0m Domain=[baseline] Activity=[PROC] Notes=[POSTGET] Count=[1] Duration=[125ns]
2025/07/12 12:44:36.749125 timing.go:27: [37m[TIMING][0m Domain=[baseline] Activity=[GETA] Notes=[UserID=100000] Count=[1] Duration=[54.417Âµs]
2025/07/12 12:44:36.749152 timing.go:27: [37m[TIMING][0m Domain=[Audit] Activity=[AUDI] Notes=[Action=[CREA] Message=[New weightProjection created 100000â‹®100001â‹®6â‹]] Count=[1] Duration=[14.417Âµs]
2025/07/12 12:44:36.749168 timing.go:27: [37m[TIMING][0m Domain=[main] Activity=[VALI] Notes=[] Count=[1] Duration=[8.625Âµs]
2025/07/12 12:44:36.775902 timing.go:27: [37m[TIMING][0m Domain=[weightProjection] Activity=[CREA] Notes=[100000] Count=[1] Duration=[26.852916ms]
2025/07/12 12:44:36.775979 timing.go:27: [37m[TIMING][0m Domain=[baseline] Activity=[PROC] Notes=[POSTGET] Count=[1] Duration=[292ns]
2025/07/12 12:44:36.775982 timing.go:27: [37m[TIMING][0m Domain=[baseline] Activity=[GETA] Notes=[ALL] Count=[1] Duration=[33.458Âµs]
2025/07/12 12:44:36.775986 timing.go:27: [37m[TIMING][0m Domain=[baseline] Activity=[PROC] Notes=[POSTGET] Count=[1] Duration=[125ns]
2025/07/12 12:44:36.775989 timing.go:27: [37m[TIMING][0m Domain=[baseline] Activity=[GETA] Notes=[UserID=100000] Count=[1] Duration=[41.042Âµs]
2025/07/12 12:44:36.776015 timing.go:27: [37m[TIMING][0m Domain=[Audit] Activity=[AUDI] Notes=[Action=[CREA] Message=[New weightProjection created 100000â‹®100001â‹®7â‹]] Count=[1] Duration=[10.75Âµs]
2025/07/12 12:44:36.776027 timing.go:27: [37m[TIMING][0m Domain=[main] Activity=[VALI] Notes=[] Count=[1] Duration=[6.75Âµs]
2025/07/12 12:44:36.797681 timing.go:27: [37m[TIMING][0m Domain=[weightProjection] Activity=[CREA] Notes=[100000] Count=[1] Duration=[21.754584ms]
2025/07/12 12:44:36.797746 timing.go:27: [37m[TIMING][0m Domain=[baseline] Activity=[PROC] Notes=[POSTGET] Count=[1] Duration=[250ns]
2025/07/12 12:44:36.797749 timing.go:27: [37m[TIMING][0m Domain=[baseline] Activity=[GETA] Notes=[ALL] Count=[1] Duration=[31.791Âµs]
2025/07/12 12:44:36.797753 timing.go:27: [37m[TIMING][0m Domain=[baseline] Activity=[PROC] Notes=[POSTGET] Count=[1] Duration=[208ns]
2025/07/12 12:44:36.797755 timing.go:27: [37m[TIMING][0m Domain=[baseline] Activity=[GETA] Notes=[UserID=100000] Count=[1] Duration=[38.792Âµs]
2025/07/12 12:44:36.797775 timing.go:27: [37m[TIMING][0m Domain=[Audit] Activity=[AUDI] Notes=[Action=[CREA] Message=[New weightProjection created 100000â‹®100001â‹®8â‹]] Count=[1] Duration=[11.375Âµs]
2025/07/12 12:44:36.797785 timing.go:27: [37m[TIMING][0m Domain=[main] Activity=[VALI] Notes=[] Count=[1] Duration=[5Âµs]
2025/07/12 12:44:36.822433 timing.go:27: [37m[TIMING][0m Domain=[weightProjection] Activity=[CREA] Notes=[100000] Count=[1] Duration=[24.728791ms]
2025/07/12 12:44:36.822511 timing.go:27: [37m[TIMING][0m Domain=[baseline] Activity=[PROC] Notes=[POSTGET] Count=[1] Duration=[125ns]
2025/07/12 12:44:36.822515 timing.go:27: [37m[TIMING][0m Domain=[baseline] Activity=[GETA] Notes=[ALL] Count=[1] Duration=[33Âµs]
2025/07/12 12:44:36.822517 timing.go:27: [37m[TIMING][0m Domain=[baseline] Activity=[PROC] Notes=[POSTGET] Count=[1] Duration=[83ns]
2025/07/12 12:44:36.822520 timing.go:27: [37m[TIMING][0m Domain=[baseline] Activity=[GETA] Notes=[UserID=100000] Count=[1] Duration=[40.083Âµs]
2025/07/12 12:44:36.822542 timing.go:27: [37m[TIMING][0m Domain=[Audit] Activity=[AUDI] Notes=[Action=[CREA] Message=[New weightProjection created 100000â‹®100001â‹®9â‹]] Count=[1] Duration=[13.542Âµs]
2025/07/12 12:44:36.822554 timing.go:27: [37m[TIMING][0m Domain=[main] Activity=[VALI] Notes=[] Count=[1] Duration=[6.75Âµs]
2025/07/12 12:44:36.850016 timing.go:27: [37m[TIMING][0m Domain=[weightProjection] Activity=[CREA] Notes=[100000] Count=[1] Duration=[27.55375ms]
2025/07/12 12:44:36.850070 timing.go:27: [37m[TIMING][0m Domain=[baseline] Activity=[PROC] Notes=[POSTGET] Count=[1] Duration=[208ns]
2025/07/12 12:44:36.850073 timing.go:27: [37m[TIMING][0m Domain=[baseline] Activity=[GETA] Notes=[ALL] Count=[1] Duration=[29.417Âµs]
2025/07/12 12:44:36.850076 timing.go:27: [37m[TIMING][0m Domain=[baseline] Activity=[PROC] Notes=[POSTGET] Count=[1] Duration=[125ns]
2025/07/12 12:44:36.850079 timing.go:27: [37m[TIMING][0m Domain=[baseline] Activity=[GETA] Notes=[UserID=100000] Count=[1] Duration=[35.959Âµs]
2025/07/12 12:44:36.850098 timing.go:27: [37m[TIMING][0m Domain=[Audit] Activity=[AUDI] Notes=[Action=[CREA] Message=[New weightProjection created 100000â‹®100001â‹®10â‹]] Count=[1] Duration=[10.5Âµs]
2025/07/12 12:44:36.850111 timing.go:27: [37m[TIMING][0m Domain=[main] Activity=[VALI] Notes=[] Count=[1] Duration=[7.375Âµs]
2025/07/12 12:44:36.873429 timing.go:27: [37m[TIMING][0m Domain=[weightProjection] Activity=[CREA] Notes=[100000] Count=[1] Duration=[23.397ms]
2025/07/12 12:44:36.873502 timing.go:27: [37m[TIMING][0m Domain=[baseline] Activity=[PROC] Notes=[POSTGET] Count=[1] Duration=[125ns]
2025/07/12 12:44:36.873506 timing.go:27: [37m[TIMING][0m Domain=[baseline] Activity=[GETA] Notes=[ALL] Count=[1] Duration=[38.416Âµs]
2025/07/12 12:44:36.873509 timing.go:27: [37m[TIMING][0m Domain=[baseline] Activity=[PROC] Notes=[POSTGET] Count=[1] Duration=[83ns]
2025/07/12 12:44:36.873512 timing.go:27: [37m[TIMING][0m Domain=[baseline] Activity=[GETA] Notes=[UserID=100000] Count=[1] Duration=[45.625Âµs]
2025/07/12 12:44:36.873537 timing.go:27: [37m[TIMING][0m Domain=[Audit] Activity=[AUDI] Notes=[Action=[CREA] Message=[New weightProjection created 100000â‹®100001â‹®11â‹]] Count=[1] Duration=[15.375Âµs]
2025/07/12 12:44:36.873549 timing.go:27: [37m[TIMING][0m Domain=[main] Activity=[VALI] Notes=[] Count=[1] Duration=[5.916Âµs]
2025/07/12 12:44:36.886338 timing.go:27: [37m[TIMING][0m Domain=[weightProjection] Activity=[CREA] Notes=[100000] Count=[1] Duration=[12.885584ms]
2025/07/12 12:44:36.886390 timing.go:27: [37m[TIMING][0m Domain=[baseline] Activity=[PROC] Notes=[POSTGET] Count=[1] Duration=[166ns]
2025/07/12 12:44:36.886394 timing.go:27: [37m[TIMING][0m Domain=[baseline] Activity=[GETA] Notes=[ALL] Count=[1] Duration=[27.708Âµs]
2025/07/12 12:44:36.886400 timing.go:27: [37m[TIMING][0m Domain=[baseline] Activity=[PROC] Notes=[POSTGET] Count=[1] Duration=[166ns]
2025/07/12 12:44:36.886402 timing.go:27: [37m[TIMING][0m Domain=[baseline] Activity=[GETA] Notes=[UserID=100000] Count=[1] Duration=[36.917Âµs]
2025/07/12 12:44:36.886426 timing.go:27: [37m[TIMING][0m Domain=[Audit] Activity=[AUDI] Notes=[Action=[CREA] Message=[New weightProjection created 100000â‹®100001â‹®12â‹]] Count=[1] Duration=[14Âµs]
2025/07/12 12:44:36.886437 timing.go:27: [37m[TIMING][0m Domain=[main] Activity=[VALI] Notes=[] Count=[1] Duration=[5.125Âµs]
2025/07/12 12:44:36.919564 timing.go:27: [37m[TIMING][0m Domain=[weightProjection] Activity=[CREA] Notes=[100000] Count=[1] Duration=[33.2075ms]
2025/07/12 12:44:36.919637 timing.go:27: [37m[TIMING][0m Domain=[baseline] Activity=[PROC] Notes=[POSTGET] Count=[1] Duration=[125ns]
2025/07/12 12:44:36.919641 timing.go:27: [37m[TIMING][0m Domain=[baseline] Activity=[GETA] Notes=[ALL] Count=[1] Duration=[33.834Âµs]
2025/07/12 12:44:36.919644 timing.go:27: [37m[TIMING][0m Domain=[baseline] Activity=[PROC] Notes=[POSTGET] Count=[1] Duration=[83ns]
2025/07/12 12:44:36.919648 timing.go:27: [37m[TIMING][0m Domain=[baseline] Activity=[GETA] Notes=[UserID=100000] Count=[1] Duration=[42.125Âµs]
2025/07/12 12:44:36.919671 timing.go:27: [37m[TIMING][0m Domain=[Audit] Activity=[AUDI] Notes=[Action=[CREA] Message=[New weightProjection created 100000â‹®100001â‹®13â‹]] Count=[1] Duration=[12.417Âµs]
2025/07/12 12:44:36.919683 timing.go:27: [37m[TIMING][0m Domain=[main] Activity=[VALI] Notes=[] Count=[1] Duration=[6.583Âµs]
2025/07/12 12:44:36.938578 timing.go:27: [37m[TIMING][0m Domain=[weightProjection] Activity=[CREA] Notes=[100000] Count=[1] Duration=[18.986792ms]
2025/07/12 12:44:36.938630 timing.go:27: [37m[TIMING][0m Domain=[baseline] Activity=[PROC] Notes=[POSTGET] Count=[1] Duration=[125ns]
2025/07/12 12:44:36.938633 timing.go:27: [37m[TIMING][0m Domain=[baseline] Activity=[GETA] Notes=[ALL] Count=[1] Duration=[27.833Âµs]
2025/07/12 12:44:36.938637 timing.go:27: [37m[TIMING][0m Domain=[baseline] Activity=[PROC] Notes=[POSTGET] Count=[1] Duration=[84ns]
2025/07/12 12:44:36.938639 timing.go:27: [37m[TIMING][0m Domain=[baseline] Activity=[GETA] Notes=[UserID=100000] Count=[1] Duration=[34Âµs]
2025/07/12 12:44:36.938656 timing.go:27: [37m[TIMING][0m Domain=[Audit] Activity=[AUDI] Notes=[Action=[CREA] Message=[New weightProjection created 100000â‹®100001â‹®14â‹]] Count=[1] Duration=[9Âµs]
2025/07/12 12:44:36.938670 timing.go:27: [37m[TIMING][0m Domain=[main] Activity=[VALI] Notes=[] Count=[1] Duration=[4.834Âµs]
2025/07/12 12:44:36.954342 timing.go:27: [37m[TIMING][0m Domain=[weightProjection] Activity=[CREA] Notes=[100000] Count=[1] Duration=[15.74625ms]
2025/07/12 12:44:36.954395 timing.go:27: [37m[TIMING][0m Domain=[baseline] Activity=[PROC] Notes=[POSTGET] Count=[1] Duration=[291ns]
2025/07/12 12:44:36.954398 timing.go:27: [37m[TIMING][0m Domain=[baseline] Activity=[GETA] Notes=[ALL] Count=[1] Duration=[26.125Âµs]
2025/07/12 12:44:36.954406 timing.go:27: [37m[TIMING][0m Domain=[baseline] Activity=[PROC] Notes=[POSTGET] Count=[1] Duration=[125ns]
2025/07/12 12:44:36.954409 timing.go:27: [37m[TIMING][0m Domain=[baseline] Activity=[GETA] Notes=[UserID=100000] Count=[1] Duration=[37.667Âµs]
2025/07/12 12:44:36.954430 timing.go:27: [37m[TIMING][0m Domain=[Audit] Activity=[AUDI] Notes=[Action=[CREA] Message=[New weightProjection created 100000â‹®100001â‹®15â‹]] Count=[1] Duration=[9.834Âµs]
2025/07/12 12:44:36.954440 timing.go:27: [37m[TIMING][0m Domain=[main] Activity=[VALI] Notes=[] Count=[1] Duration=[4.25Âµs]
2025/07/12 12:44:36.968166 timing.go:27: [37m[TIMING][0m Domain=[weightProjection] Activity=[CREA] Notes=[100000] Count=[1] Duration=[13.805958ms]
2025/07/12 12:44:36.968222 timing.go:27: [37m[TIMING][0m Domain=[baseline] Activity=[PROC] Notes=[POSTGET] Count=[1] Duration=[3.375Âµs]
2025/07/12 12:44:36.968225 timing.go:27: [37m[TIMING][0m Domain=[baseline] Activity=[GETA] Notes=[ALL] Count=[1] Duration=[32.791Âµs]
2025/07/12 12:44:36.968228 timing.go:27: [37m[TIMING][0m Domain=[baseline] Activity=[PROC] Notes=[POSTGET] Count=[1] Duration=[167ns]
2025/07/12 12:44:36.968230 timing.go:27: [37m[TIMING][0m Domain=[baseline] Activity=[GETA] Notes=[UserID=100000] Count=[1] Duration=[38.916Âµs]
2025/07/12 12:44:36.968246 timing.go:27: [37m[TIMING][0m Domain=[Audit] Activity=[AUDI] Notes=[Action=[CREA] Message=[New weightProjection created 100000â‹®100001â‹®16â‹]] Count=[1] Duration=[8.292Âµs]
2025/07/12 12:44:36.968254 timing.go:27: [37m[TIMING][0m Domain=[main] Activity=[VALI] Notes=[] Count=[1] Duration=[3.916Âµs]
2025/07/12 12:44:37.000797 timing.go:27: [37m[TIMING][0m Domain=[weightProjection] Activity=[CREA] Notes=[100000] Count=[1] Duration=[32.615208ms]
2025/07/12 12:44:37.000890 timing.go:27: [37m[TIMING][0m Domain=[baseline] Activity=[PROC] Notes=[POSTGET] Count=[1] Duration=[125ns]
2025/07/12 12:44:37.000894 timing.go:27: [37m[TIMING][0m Domain=[baseline] Activity=[GETA] Notes=[ALL] Count=[1] Duration=[41.291Âµs]
2025/07/12 12:44:37.000897 timing.go:27: [37m[TIMING][0m Domain=[baseline] Activity=[PROC] Notes=[POSTGET] Count=[1] Duration=[83ns]
2025/07/12 12:44:37.000900 timing.go:27: [37m[TIMING][0m Domain=[baseline] Activity=[GETA] Notes=[UserID=100000] Count=[1] Duration=[48.208Âµs]
2025/07/12 12:44:37.000925 timing.go:27: [37m[TIMING][0m Domain=[Audit] Activity=[AUDI] Notes=[Action=[CREA] Message=[New weightProjection created 100000â‹®100001â‹®17â‹]] Count=[1] Duration=[15.792Âµs]
2025/07/12 12:44:37.000939 timing.go:27: [37m[TIMING][0m Domain=[main] Activity=[VALI] Notes=[] Count=[1] Duration=[8.291Âµs]
2025/07/12 12:44:37.018467 timing.go:27: [37m[TIMING][0m Domain=[weightProjection] Activity=[CREA] Notes=[100000] Count=[1] Duration=[17.633708ms]
2025/07/12 12:44:37.018532 timing.go:27: [37m[TIMING][0m Domain=[baseline] Activity=[PROC] Notes=[POSTGET] Count=[1] Duration=[250ns]
2025/07/12 12:44:37.018536 timing.go:27: [37m[TIMING][0m Domain=[baseline] Activity=[GETA] Notes=[ALL] Count=[1] Duration=[30.583Âµs]
2025/07/12 12:44:37.018539 timing.go:27: [37m[TIMING][0m Domain=[baseline] Activity=[PROC] Notes=[POSTGET] Count=[1] Duration=[83ns]
2025/07/12 12:44:37.018541 timing.go:27: [37m[TIMING][0m Domain=[baseline] Activity=[GETA] Notes=[UserID=100000] Count=[1] Duration=[36.417Âµs]
2025/07/12 12:44:37.018561 timing.go:27: [37m[TIMING][0m Domain=[Audit] Activity=[AUDI] Notes=[Action=[CREA] Message=[New weightProjection created 100000â‹®100001â‹®18â‹]] Count=[1] Duration=[11.583Âµs]
2025/07/12 12:44:37.018573 timing.go:27: [37m[TIMING][0m Domain=[main] Activity=[VALI] Notes=[] Count=[1] Duration=[6.167Âµs]
2025/07/12 12:44:37.032273 timing.go:27: [37m[TIMING][0m Domain=[weightProjection] Activity=[CREA] Notes=[100000] Count=[1] Duration=[13.783916ms]
2025/07/12 12:44:37.032325 timing.go:27: [37m[TIMING][0m Domain=[baseline] Activity=[PROC] Notes=[POSTGET] Count=[1] Duration=[250ns]
2025/07/12 12:44:37.032329 timing.go:27: [37m[TIMING][0m Domain=[baseline] Activity=[GETA] Notes=[ALL] Count=[1] Duration=[26.208Âµs]
2025/07/12 12:44:37.032333 timing.go:27: [37m[TIMING][0m Domain=[baseline] Activity=[PROC] Notes=[POSTGET] Count=[1] Duration=[125ns]
2025/07/12 12:44:37.032336 timing.go:27: [37m[TIMING][0m Domain=[baseline] Activity=[GETA] Notes=[UserID=100000] Count=[1] Duration=[33.875Âµs]
2025/07/12 12:44:37.032355 timing.go:27: [37m[TIMING][0m Domain=[Audit] Activity=[AUDI] Notes=[Action=[CREA] Message=[New weightProjection created 100000â‹®100001â‹®19â‹]] Count=[1] Duration=[9.25Âµs]
2025/07/12 12:44:37.032366 timing.go:27: [37m[TIMING][0m Domain=[main] Activity=[VALI] Notes=[] Count=[1] Duration=[4.958Âµs]
2025/07/12 12:44:37.061408 timing.go:27: [37m[TIMING][0m Domain=[weightProjection] Activity=[CREA] Notes=[100000] Count=[1] Duration=[29.116583ms]
2025/07/12 12:44:37.061468 timing.go:27: [37m[TIMING][0m Domain=[baseline] Activity=[PROC] Notes=[POSTGET] Count=[1] Duration=[167ns]
2025/07/12 12:44:37.061473 timing.go:27: [37m[TIMING][0m Domain=[baseline] Activity=[GETA] Notes=[ALL] Count=[1] Duration=[29.625Âµs]
2025/07/12 12:44:37.061477 timing.go:27: [37m[TIMING][0m Domain=[baseline] Activity=[PROC] Notes=[POSTGET] Count=[1] Duration=[125ns]
2025/07/12 12:44:37.061480 timing.go:27: [37m[TIMING][0m Domain=[baseline] Activity=[GETA] Notes=[UserID=100000] Count=[1] Duration=[37.625Âµs]
2025/07/12 12:44:37.061500 timing.go:27: [37m[TIMING][0m Domain=[Audit] Activity=[AUDI] Notes=[Action=[CREA] Message=[New weightProjection created 100000â‹®100001â‹®20â‹]] Count=[1] Duration=[10.416Âµs]
2025/07/12 12:44:37.061511 timing.go:27: [37m[TIMING][0m Domain=[main] Activity=[VALI] Notes=[] Count=[1] Duration=[5.666Âµs]
2025/07/12 12:44:37.080364 timing.go:27: [37m[TIMING][0m Domain=[weightProjection] Activity=[CREA] Notes=[100000] Count=[1] Duration=[18.934ms]
2025/07/12 12:44:37.080437 timing.go:27: [37m[TIMING][0m Domain=[baseline] Activity=[PROC] Notes=[POSTGET] Count=[1] Duration=[250ns]
2025/07/12 12:44:37.080441 timing.go:27: [37m[TIMING][0m Domain=[baseline] Activity=[GETA] Notes=[ALL] Count=[1] Duration=[31.959Âµs]
2025/07/12 12:44:37.080444 timing.go:27: [37m[TIMING][0m Domain=[baseline] Activity=[PROC] Notes=[POSTGET] Count=[1] Duration=[84ns]
2025/07/12 12:44:37.080451 timing.go:27: [37m[TIMING][0m Domain=[baseline] Activity=[GETA] Notes=[UserID=100000] Count=[1] Duration=[43.417Âµs]
2025/07/12 12:44:37.080475 timing.go:27: [37m[TIMING][0m Domain=[Audit] Activity=[AUDI] Notes=[Action=[CREA] Message=[New weightProjection created 100000â‹®100001â‹®21â‹]] Count=[1] Duration=[12.042Âµs]
2025/07/12 12:44:37.080487 timing.go:27: [37m[TIMING][0m Domain=[main] Activity=[VALI] Notes=[] Count=[1] Duration=[6.916Âµs]
2025/07/12 12:44:37.095993 timing.go:27: [37m[TIMING][0m Domain=[weightProjection] Activity=[CREA] Notes=[100000] Count=[1] Duration=[15.58ms]
2025/07/12 12:44:37.096149 timing.go:27: [37m[TIMING][0m Domain=[baseline] Activity=[PROC] Notes=[POSTGET] Count=[1] Duration=[334ns]
2025/07/12 12:44:37.096152 timing.go:27: [37m[TIMING][0m Domain=[baseline] Activity=[GETA] Notes=[ALL] Count=[1] Duration=[28.959Âµs]
2025/07/12 12:44:37.096155 timing.go:27: [37m[TIMING][0m Domain=[baseline] Activity=[PROC] Notes=[POSTGET] Count=[1] Duration=[125ns]
2025/07/12 12:44:37.096157 timing.go:27: [37m[TIMING][0m Domain=[baseline] Activity=[GETA] Notes=[UserID=100000] Count=[1] Duration=[35.167Âµs]
2025/07/12 12:44:37.096182 timing.go:27: [37m[TIMING][0m Domain=[Audit] Activity=[AUDI] Notes=[Action=[CREA] Message=[New weightProjection created 100000â‹®100001â‹®22â‹]] Count=[1] Duration=[14.625Âµs]
2025/07/12 12:44:37.096192 timing.go:27: [37m[TIMING][0m Domain=[main] Activity=[VALI] Notes=[] Count=[1] Duration=[5.834Âµs]
2025/07/12 12:44:37.122302 timing.go:27: [37m[TIMING][0m Domain=[weightProjection] Activity=[CREA] Notes=[100000] Count=[1] Duration=[26.193209ms]
2025/07/12 12:44:37.122391 timing.go:27: [37m[TIMING][0m Domain=[baseline] Activity=[PROC] Notes=[POSTGET] Count=[1] Duration=[125ns]
2025/07/12 12:44:37.122394 timing.go:27: [37m[TIMING][0m Domain=[baseline] Activity=[GETA] Notes=[ALL] Count=[1] Duration=[36Âµs]
2025/07/12 12:44:37.122398 timing.go:27: [37m[TIMING][0m Domain=[baseline] Activity=[PROC] Notes=[POSTGET] Count=[1] Duration=[209ns]
2025/07/12 12:44:37.122401 timing.go:27: [37m[TIMING][0m Domain=[baseline] Activity=[GETA] Notes=[UserID=100000] Count=[1] Duration=[43.75Âµs]
2025/07/12 12:44:37.122425 timing.go:27: [37m[TIMING][0m Domain=[Audit] Activity=[AUDI] Notes=[Action=[CREA] Message=[New weightProjection created 100000â‹®100001â‹®23â‹]] Count=[1] Duration=[12.959Âµs]
2025/07/12 12:44:37.122453 timing.go:27: [37m[TIMING][0m Domain=[main] Activity=[VALI] Notes=[] Count=[1] Duration=[21.292Âµs]
2025/07/12 12:44:37.141559 timing.go:27: [37m[TIMING][0m Domain=[weightProjection] Activity=[CREA] Notes=[100000] Count=[1] Duration=[19.217833ms]
2025/07/12 12:44:37.141633 timing.go:27: [37m[TIMING][0m Domain=[Audit] Activity=[AUDI] Notes=[Action=[CREA] Message=[New weightTag created 100000]] Count=[1] Duration=[11.917Âµs]
2025/07/12 12:44:37.141651 timing.go:27: [37m[TIMING][0m Domain=[main] Activity=[VALI] Notes=[] Count=[1] Duration=[10.292Âµs]
2025/07/12 12:44:37.150972 timing.go:27: [37m[TIMING][0m Domain=[weightTag] Activity=[CREA] Notes=[100000] Count=[1] Duration=[9.358083ms]
2025/07/12 12:44:37.154668 timing.go:27: [37m[TIMING][0m Domain=[Audit] Activity=[AUDI] Notes=[Action=[CREA] Message=[New dateIndex created 2025-07-12 01:00:00 +0100 BST]] Count=[1] Duration=[10.042Âµs]
2025/07/12 12:44:37.154690 timing.go:27: [37m[TIMING][0m Domain=[main] Activity=[VALI] Notes=[] Count=[1] Duration=[8.667Âµs]
2025/07/12 12:44:37.167620 timing.go:27: [37m[TIMING][0m Domain=[dateIndex] Activity=[CREA] Notes=[2025-07-12 12:44:37.154639 +0100 BST m=+1.100545209] Count=[1] Duration=[12.968333ms]
2025/07/12 12:44:37.167662 timing.go:27: [37m[TIMING][0m Domain=[dateIndexJob] Activity=[PROC] Notes=[dateIndex Job, This is a dateIndex job that can be used as a starting point for creating new jobs.] Count=[1] Duration=[13.022917ms]
2025/07/12 12:44:37.167666 timing.go:27: [37m[TIMING][0m Domain=[dateIndexJob] Activity=[INIT] Notes=[dateIndex Job, This is a dateIndex job that can be used as a starting point for creating new jobs.] Count=[1] Duration=[13.027834ms]
2025/07/12 12:44:37.167760 timing.go:27: [37m[TIMING][0m Domain=[dateIndexJob] Activity=[PROC] Notes=[dateIndex Job, This is a dateIndex job that can be used as a starting point for creating new jobs.] Count=[1] Duration=[16.684417ms]
2025/07/12 12:44:37.167874 timing.go:27: [37m[TIMING][0m Domain=[weight] Activity=[PROC] Notes=[POSTGET] Count=[1] Duration=[6.416Âµs]
2025/07/12 12:44:37.167877 timing.go:27: [37m[TIMING][0m Domain=[weight] Activity=[GETA] Notes=[ALL] Count=[1] Duration=[46.375Âµs]
2025/07/12 12:44:37.167882 timing.go:27: [37m[TIMING][0m Domain=[weight] Activity=[PROC] Notes=[POSTGET] Count=[1] Duration=[2.709Âµs]
2025/07/12 12:44:37.167884 timing.go:27: [37m[TIMING][0m Domain=[weight] Activity=[GETA] Notes=[UserID=100000] Count=[1] Duration=[55.083Âµs]
2025/07/12 12:44:37.167936 timing.go:27: [37m[TIMING][0m Domain=[weight] Activity=[PROC] Notes=[POSTGET] Count=[1] Duration=[3.625Âµs]
2025/07/12 12:44:37.167938 timing.go:27: [37m[TIMING][0m Domain=[weight] Activity=[GETA] Notes=[ALL] Count=[1] Duration=[19.125Âµs]
2025/07/12 12:44:37.180227 timing.go:27: [37m[TIMING][0m Domain=[weight] Activity=[EXPO] Notes=[] Count=[1] Duration=[12.286083ms]
2025/07/12 12:44:37.180277 timing.go:27: [37m[TIMING][0m Domain=[User] Activity=[PROC] Notes=[POSTGET] Count=[1] Duration=[125ns]
2025/07/12 12:44:37.180281 timing.go:27: [37m[TIMING][0m Domain=[User] Activity=[GETA] Notes=[ALL] Count=[1] Duration=[39.625Âµs]
2025/07/12 12:44:37.191970 timing.go:27: [37m[TIMING][0m Domain=[User] Activity=[EXPO] Notes=[] Count=[1] Duration=[11.686208ms]
2025/07/12 12:44:37.192021 timing.go:27: [37m[TIMING][0m Domain=[baseline] Activity=[PROC] Notes=[POSTGET] Count=[1] Duration=[125ns]
2025/07/12 12:44:37.192025 timing.go:27: [37m[TIMING][0m Domain=[baseline] Activity=[GETA] Notes=[ALL] Count=[1] Duration=[36.583Âµs]
2025/07/12 12:44:37.197119 timing.go:27: [37m[TIMING][0m Domain=[baseline] Activity=[EXPO] Notes=[] Count=[1] Duration=[5.090875ms]
2025/07/12 12:44:37.197189 timing.go:27: [37m[TIMING][0m Domain=[goal] Activity=[PROC] Notes=[POSTGET] Count=[2] Duration=[292ns]
2025/07/12 12:44:37.197192 timing.go:27: [37m[TIMING][0m Domain=[goal] Activity=[GETA] Notes=[ALL] Count=[2] Duration=[55.333Âµs]
2025/07/12 12:44:37.202680 timing.go:27: [37m[TIMING][0m Domain=[goal] Activity=[EXPO] Notes=[] Count=[2] Duration=[5.476292ms]
2025/07/12 12:44:37.202717 timing.go:27: [37m[TIMING][0m Domain=[tag] Activity=[PROC] Notes=[POSTGET] Count=[1] Duration=[209ns]
2025/07/12 12:44:37.202721 timing.go:27: [37m[TIMING][0m Domain=[tag] Activity=[GETA] Notes=[ALL] Count=[1] Duration=[30.583Âµs]
2025/07/12 12:44:37.207905 timing.go:27: [37m[TIMING][0m Domain=[tag] Activity=[EXPO] Notes=[] Count=[1] Duration=[5.180875ms]
2025/07/12 12:44:37.208562 timing.go:27: [37m[TIMING][0m Domain=[weightProjection] Activity=[PROC] Notes=[POSTGET] Count=[46] Duration=[259.208Âµs]
2025/07/12 12:44:37.208568 timing.go:27: [37m[TIMING][0m Domain=[weightProjection] Activity=[GETA] Notes=[ALL] Count=[46] Duration=[653Âµs]
2025/07/12 12:44:37.215193 timing.go:27: [37m[TIMING][0m Domain=[weightProjection] Activity=[EXPO] Notes=[] Count=[46] Duration=[6.622542ms]
2025/07/12 12:44:37.215251 timing.go:27: [37m[TIMING][0m Domain=[weightTag] Activity=[PROC] Notes=[POSTGET] Count=[1] Duration=[167ns]
2025/07/12 12:44:37.215256 timing.go:27: [37m[TIMING][0m Domain=[weightTag] Activity=[GETA] Notes=[ALL] Count=[1] Duration=[28.875Âµs]
2025/07/12 12:44:37.219573 timing.go:27: [37m[TIMING][0m Domain=[weightTag] Activity=[EXPO] Notes=[] Count=[1] Duration=[4.313959ms]
2025/07/12 12:44:37.219618 timing.go:27: [37m[TIMING][0m Domain=[weightProjectionHistory] Activity=[PROC] Notes=[POSTGET] Count=[0] Duration=[42ns]
2025/07/12 12:44:37.219622 timing.go:27: [37m[TIMING][0m Domain=[weightProjectionHistory] Activity=[GETA] Notes=[ALL] Count=[0] Duration=[37.084Âµs]
2025/07/12 12:44:37.224947 timing.go:27: [37m[TIMING][0m Domain=[weightProjectionHistory] Activity=[EXPO] Notes=[] Count=[0] Duration=[5.322292ms]
2025/07/12 12:44:37.224987 timing.go:27: [37m[TIMING][0m Domain=[dateIndex] Activity=[PROC] Notes=[POSTGET] Count=[1] Duration=[125ns]
2025/07/12 12:44:37.224991 timing.go:27: [37m[TIMING][0m Domain=[dateIndex] Activity=[GETA] Notes=[ALL] Count=[1] Duration=[32.709Âµs]
2025/07/12 12:44:37.229880 timing.go:27: [37m[TIMING][0m Domain=[dateIndex] Activity=[EXPO] Notes=[] Count=[1] Duration=[4.885917ms]
2025/07/12 12:44:37.229932 timing.go:27: [37m[TIMING][0m Domain=[Schedule] Activity=[INIT] Notes=[] Count=[1] Duration=[10.917Âµs]
2025/07/12 12:44:37.229979 timing.go:27: [37m[TIMING][0m Domain=[Schedule] Activity=[SCHE] Notes=[User Job] Count=[1] Duration=[44.416Âµs]
2025/07/12 12:44:37.229999 timing.go:27: [37m[TIMING][0m Domain=[Schedule] Activity=[SCHE] Notes=[weightProjection Job] Count=[1] Duration=[18.042Âµs]
2025/07/12 12:44:37.230017 timing.go:27: [37m[TIMING][0m Domain=[Schedule] Activity=[SCHE] Notes=[dateIndex Job] Count=[1] Duration=[15.041Âµs]
