2025/07/14 08:24:52.402384 jobs_helpers.go:50: [32m[SERVICE][0m [Schedule] Job "dateIndex Job" - Started
2025/07/14 08:24:52.404894 dateIndex_job.go:95: [32m[SERVICE][0m [dateIndexJob] Running 'dateIndex Job' job across 1 locations
2025/07/14 08:24:52.404919 dateIndex_job.go:98: [32m[SERVICE][0m [dateIndexJob] Getting list of databases from 'main.main.GetDatabaseConnections.func28'
2025/07/14 08:24:52.404944 dateIndex_job.go:104: [32m[SERVICE][0m [dateIndexJob] Running 'dateIndex Job' job across 1 database(s)
2025/07/14 08:24:52.404991 dateIndex.go:34: [32m[SERVICE][0m Categorizing dateIndex record: 2025-07-14 01:00:00 +0100 BST
2025/07/14 08:24:52.404999 dateIndex.go:40: [32m[SERVICE][0m Processing dateIndex entry: 2025-07-14 01:00:00 +0100 BST
2025/07/14 08:24:52.428630 dateIndexStore_helpers.go:86: [32m[SERVICE][0m [dateIndexJob] Found 1 existing dateIndex entries
2025/07/14 08:24:52.428640 dateIndexStore_helpers.go:92: [32m[SERVICE][0m [dateIndexJob] Processing dateIndex entry: 250714082452404986000501059883
2025/07/14 08:24:52.428644 dateIndex.go:34: [32m[SERVICE][0m Categorizing dateIndex record: 2025-07-14 01:00:00 +0100 BST
2025/07/14 08:24:52.428649 dateIndex.go:40: [32m[SERVICE][0m Processing dateIndex entry: 2025-07-14 01:00:00 +0100 BST
2025/07/14 08:24:52.428653 dateIndex.go:47: [32m[SERVICE][0m Skipping inactive dateIndex entry: 2025-07-14 01:00:00 +0100 BST
2025/07/14 08:24:52.428658 dateIndexStore_helpers.go:106: [32m[SERVICE][0m [dateIndexJob] Processed 1 dateIndexs
2025/07/14 08:24:52.428772 jobs_helpers.go:56: [32m[SERVICE][0m [Schedule] Job "dateIndex Job" - Completed
2025/07/14 08:24:52.428779 jobs_helpers.go:57: [32m[SERVICE][0m [Schedule] Job "dateIndex Job" Scheduled [0 0 * * * *] [At 0 minutes past the hour]
2025/07/14 08:24:52.437164 dateIndex.go:15: [32m[SERVICE][0m Getting today's DateIndex record
2025/07/14 08:24:52.437196 dateIndex.go:24: [32m[SERVICE][0m Today's DateIndex record found: {100000 fcbf2d0a0a4172cb9048f6d5ba467e9fb9b9e5f92f365d6dc4a243fcbf464cfb 250714082452404986000501059883 {2025-07-14 08:24:52.405005 +0100 BST sys_service orion 2025-07-14 08:24:52 [{2025-07-14 08:24:52.405005 +0100 BST CREA sys_service orion 2025-07-14 08:24:52 New dateIndex created 2025-07-14 01:00:00 +0100 BST}] 0001-01-01 00:00:00 +0000 UTC    1 1} 2025-07-14 01:00:00 +0100 BST {true}}
2025/07/14 08:24:52.437285 dateIndex.go:15: [32m[SERVICE][0m Getting today's DateIndex record
2025/07/14 08:24:52.437444 dateIndex.go:24: [32m[SERVICE][0m Today's DateIndex record found: {100000 fcbf2d0a0a4172cb9048f6d5ba467e9fb9b9e5f92f365d6dc4a243fcbf464cfb 250714082452404986000501059883 {2025-07-14 08:24:52.405005 +0100 BST sys_service orion 2025-07-14 08:24:52 [{2025-07-14 08:24:52.405005 +0100 BST CREA sys_service orion 2025-07-14 08:24:52 New dateIndex created 2025-07-14 01:00:00 +0100 BST}] 0001-01-01 00:00:00 +0000 UTC    1 1} 2025-07-14 01:00:00 +0100 BST {true}}
2025/07/14 08:24:53.191732 dateIndex.go:15: [32m[SERVICE][0m Getting today's DateIndex record
2025/07/14 08:24:53.191771 dateIndex.go:24: [32m[SERVICE][0m Today's DateIndex record found: {100000 fcbf2d0a0a4172cb9048f6d5ba467e9fb9b9e5f92f365d6dc4a243fcbf464cfb 250714082452404986000501059883 {2025-07-14 08:24:52.405005 +0100 BST sys_service orion 2025-07-14 08:24:52 [{2025-07-14 08:24:52.405005 +0100 BST CREA sys_service orion 2025-07-14 08:24:52 New dateIndex created 2025-07-14 01:00:00 +0100 BST}] 0001-01-01 00:00:00 +0000 UTC    1 1} 2025-07-14 01:00:00 +0100 BST {true}}
2025/07/14 08:24:54.083662 jobs_helpers.go:80: [32m[SERVICE][0m [Schedule] Job "User Job" Scheduled [0/30 * * * * *] [Every 30 seconds] (id=1)
2025/07/14 08:24:54.083693 jobs_helpers.go:80: [32m[SERVICE][0m [Schedule] Job "weightProjection Job" Scheduled [5 0 * * * *] [At 5 seconds past the minute, at 0 minutes past the hour] (id=2)
2025/07/14 08:24:54.083708 jobs_helpers.go:80: [32m[SERVICE][0m [Schedule] Job "dateIndex Job" Scheduled [0 0 * * * *] [At 0 minutes past the hour] (id=3)
