2025/09/20 19:38:49.056775 goalStore_new.go:86: [33m[WARNING][0m BMI calculated from weight and height does not match provided BMI. Calculated: 25.500000, Provided: 30.000000
2025/09/20 19:38:49.115919 goalStore_new.go:86: [33m[WARNING][0m BMI calculated from weight and height does not match provided BMI. Calculated: 24.300000, Provided: 29.000000
2025/09/20 19:38:49.193975 goalStore_new.go:86: [33m[WARNING][0m BMI calculated from weight and height does not match provided BMI. Calculated: 24.000000, Provided: 28.000000
2025/09/20 19:38:49.246454 goalStore_new.go:86: [33m[WARNING][0m BMI calculated from weight and height does not match provided BMI. Calculated: 25.500000, Provided: 30.000000
2025/09/20 19:38:55.200301 projection.go:88: [33m[WARNING][0m Tracking weight {108.5} is greater than target weight {90} for UserID: 100
2025/09/20 19:38:55.339452 projection.go:88: [33m[WARNING][0m Tracking weight {106.5} is greater than target weight {90} for UserID: 100
2025/09/20 19:38:55.429376 projection.go:88: [33m[WARNING][0m Tracking weight {104.5} is greater than target weight {90} for UserID: 100
2025/09/20 19:38:55.541891 projection.go:88: [33m[WARNING][0m Tracking weight {102.5} is greater than target weight {90} for UserID: 100
2025/09/20 19:38:55.649671 projection.go:88: [33m[WARNING][0m Tracking weight {100.5} is greater than target weight {90} for UserID: 100
2025/09/20 19:38:55.744576 projection.go:88: [33m[WARNING][0m Tracking weight {98.5} is greater than target weight {90} for UserID: 100
2025/09/20 19:38:55.843811 projection.go:88: [33m[WARNING][0m Tracking weight {96.5} is greater than target weight {90} for UserID: 100
2025/09/20 19:38:55.952802 projection.go:88: [33m[WARNING][0m Tracking weight {94.5} is greater than target weight {90} for UserID: 100
2025/09/20 19:38:56.064105 projection.go:88: [33m[WARNING][0m Tracking weight {92.5} is greater than target weight {90} for UserID: 100
2025/09/20 19:38:56.170825 projection.go:88: [33m[WARNING][0m Tracking weight {90.5} is greater than target weight {90} for UserID: 100
2025/09/20 19:38:56.278382 projection.go:85: [33m[WARNING][0m Tracking weight {88.5} is less than target weight {90} for UserID: 100
2025/09/20 19:38:56.396815 projection.go:85: [33m[WARNING][0m Tracking weight {86.5} is less than target weight {90} for UserID: 100
2025/09/20 19:38:56.499197 projection.go:85: [33m[WARNING][0m Tracking weight {84.5} is less than target weight {90} for UserID: 100
2025/09/20 19:38:56.600036 projection.go:85: [33m[WARNING][0m Tracking weight {82.5} is less than target weight {90} for UserID: 100
2025/09/20 19:38:56.723624 projection.go:85: [33m[WARNING][0m Tracking weight {80.5} is less than target weight {90} for UserID: 100
2025/09/20 19:38:56.837463 projection.go:85: [33m[WARNING][0m Tracking weight {78.5} is less than target weight {90} for UserID: 100
2025/09/20 19:38:56.953499 projection.go:85: [33m[WARNING][0m Tracking weight {76.5} is less than target weight {90} for UserID: 100
2025/09/20 19:38:57.061440 projection.go:85: [33m[WARNING][0m Tracking weight {74.5} is less than target weight {90} for UserID: 100
2025/09/20 19:38:57.173483 projection.go:85: [33m[WARNING][0m Tracking weight {72.5} is less than target weight {90} for UserID: 100
2025/09/20 19:38:57.276605 projection.go:85: [33m[WARNING][0m Tracking weight {70.5} is less than target weight {90} for UserID: 100
2025/09/20 19:38:57.387894 projection.go:85: [33m[WARNING][0m Tracking weight {68.5} is less than target weight {90} for UserID: 100
2025/09/20 19:38:57.497474 projection.go:85: [33m[WARNING][0m Tracking weight {66.5} is less than target weight {90} for UserID: 100
2025/09/20 19:38:57.593937 projection.go:85: [33m[WARNING][0m Tracking weight {64.5} is less than target weight {90} for UserID: 100
2025/09/20 19:38:57.698255 projection.go:88: [33m[WARNING][0m Tracking weight {108.5} is greater than target weight {86} for UserID: 100
2025/09/20 19:38:57.805667 projection.go:88: [33m[WARNING][0m Tracking weight {106.5} is greater than target weight {86} for UserID: 100
2025/09/20 19:38:57.921982 projection.go:88: [33m[WARNING][0m Tracking weight {104.5} is greater than target weight {86} for UserID: 100
2025/09/20 19:38:58.052367 projection.go:88: [33m[WARNING][0m Tracking weight {102.5} is greater than target weight {86} for UserID: 100
2025/09/20 19:38:58.168154 projection.go:88: [33m[WARNING][0m Tracking weight {100.5} is greater than target weight {86} for UserID: 100
2025/09/20 19:38:58.279062 projection.go:88: [33m[WARNING][0m Tracking weight {98.5} is greater than target weight {86} for UserID: 100
2025/09/20 19:38:58.382102 projection.go:88: [33m[WARNING][0m Tracking weight {96.5} is greater than target weight {86} for UserID: 100
2025/09/20 19:38:58.492932 projection.go:88: [33m[WARNING][0m Tracking weight {94.5} is greater than target weight {86} for UserID: 100
2025/09/20 19:38:58.605257 projection.go:88: [33m[WARNING][0m Tracking weight {92.5} is greater than target weight {86} for UserID: 100
2025/09/20 19:38:58.711622 projection.go:88: [33m[WARNING][0m Tracking weight {90.5} is greater than target weight {86} for UserID: 100
2025/09/20 19:38:58.838836 projection.go:88: [33m[WARNING][0m Tracking weight {88.5} is greater than target weight {86} for UserID: 100
2025/09/20 19:38:58.953115 projection.go:88: [33m[WARNING][0m Tracking weight {86.5} is greater than target weight {86} for UserID: 100
2025/09/20 19:38:59.166592 projection.go:85: [33m[WARNING][0m Tracking weight {84.5} is less than target weight {86} for UserID: 100
2025/09/20 19:38:59.282859 projection.go:85: [33m[WARNING][0m Tracking weight {82.5} is less than target weight {86} for UserID: 100
2025/09/20 19:38:59.406319 projection.go:85: [33m[WARNING][0m Tracking weight {80.5} is less than target weight {86} for UserID: 100
2025/09/20 19:38:59.532708 projection.go:85: [33m[WARNING][0m Tracking weight {78.5} is less than target weight {86} for UserID: 100
2025/09/20 19:38:59.651222 projection.go:85: [33m[WARNING][0m Tracking weight {76.5} is less than target weight {86} for UserID: 100
2025/09/20 19:38:59.753173 projection.go:85: [33m[WARNING][0m Tracking weight {74.5} is less than target weight {86} for UserID: 100
2025/09/20 19:38:59.889335 projection.go:85: [33m[WARNING][0m Tracking weight {72.5} is less than target weight {86} for UserID: 100
2025/09/20 19:39:00.016080 projection.go:85: [33m[WARNING][0m Tracking weight {70.5} is less than target weight {86} for UserID: 100
2025/09/20 19:39:00.133847 projection.go:85: [33m[WARNING][0m Tracking weight {68.5} is less than target weight {86} for UserID: 100
2025/09/20 19:39:00.288391 projection.go:85: [33m[WARNING][0m Tracking weight {66.5} is less than target weight {86} for UserID: 100
2025/09/20 19:39:00.408111 projection.go:85: [33m[WARNING][0m Tracking weight {64.5} is less than target weight {86} for UserID: 100
2025/09/20 19:39:00.519781 projection.go:88: [33m[WARNING][0m Tracking weight {108.5} is greater than target weight {84.78950784000001} for UserID: 100
2025/09/20 19:39:00.632877 projection.go:88: [33m[WARNING][0m Tracking weight {106.5} is greater than target weight {84.78950784000001} for UserID: 100
2025/09/20 19:39:00.763924 projection.go:88: [33m[WARNING][0m Tracking weight {104.5} is greater than target weight {84.78950784000001} for UserID: 100
2025/09/20 19:39:00.874626 projection.go:88: [33m[WARNING][0m Tracking weight {102.5} is greater than target weight {84.78950784000001} for UserID: 100
2025/09/20 19:39:00.991343 projection.go:88: [33m[WARNING][0m Tracking weight {100.5} is greater than target weight {84.78950784000001} for UserID: 100
2025/09/20 19:39:01.128031 projection.go:88: [33m[WARNING][0m Tracking weight {98.5} is greater than target weight {84.78950784000001} for UserID: 100
2025/09/20 19:39:01.247672 projection.go:88: [33m[WARNING][0m Tracking weight {96.5} is greater than target weight {84.78950784000001} for UserID: 100
2025/09/20 19:39:01.454768 projection.go:88: [33m[WARNING][0m Tracking weight {94.5} is greater than target weight {84.78950784000001} for UserID: 100
2025/09/20 19:39:01.618956 projection.go:88: [33m[WARNING][0m Tracking weight {92.5} is greater than target weight {84.78950784000001} for UserID: 100
2025/09/20 19:39:01.736786 projection.go:88: [33m[WARNING][0m Tracking weight {90.5} is greater than target weight {84.78950784000001} for UserID: 100
2025/09/20 19:39:01.851020 projection.go:88: [33m[WARNING][0m Tracking weight {88.5} is greater than target weight {84.78950784000001} for UserID: 100
2025/09/20 19:39:01.969983 projection.go:88: [33m[WARNING][0m Tracking weight {86.5} is greater than target weight {84.78950784000001} for UserID: 100
2025/09/20 19:39:02.087010 projection.go:85: [33m[WARNING][0m Tracking weight {84.5} is less than target weight {84.78950784000001} for UserID: 100
2025/09/20 19:39:02.227498 projection.go:85: [33m[WARNING][0m Tracking weight {82.5} is less than target weight {84.78950784000001} for UserID: 100
2025/09/20 19:39:02.361883 projection.go:85: [33m[WARNING][0m Tracking weight {80.5} is less than target weight {84.78950784000001} for UserID: 100
2025/09/20 19:39:02.477557 projection.go:85: [33m[WARNING][0m Tracking weight {78.5} is less than target weight {84.78950784000001} for UserID: 100
2025/09/20 19:39:02.601941 projection.go:85: [33m[WARNING][0m Tracking weight {76.5} is less than target weight {84.78950784000001} for UserID: 100
2025/09/20 19:39:02.723211 projection.go:85: [33m[WARNING][0m Tracking weight {74.5} is less than target weight {84.78950784000001} for UserID: 100
2025/09/20 19:39:02.846328 projection.go:85: [33m[WARNING][0m Tracking weight {72.5} is less than target weight {84.78950784000001} for UserID: 100
2025/09/20 19:39:02.969189 projection.go:85: [33m[WARNING][0m Tracking weight {70.5} is less than target weight {84.78950784000001} for UserID: 100
2025/09/20 19:39:03.088368 projection.go:85: [33m[WARNING][0m Tracking weight {68.5} is less than target weight {84.78950784000001} for UserID: 100
2025/09/20 19:39:03.222938 projection.go:85: [33m[WARNING][0m Tracking weight {66.5} is less than target weight {84.78950784000001} for UserID: 100
2025/09/20 19:39:03.346482 projection.go:85: [33m[WARNING][0m Tracking weight {64.5} is less than target weight {84.78950784000001} for UserID: 100
2025/09/20 19:39:03.474689 projection.go:88: [33m[WARNING][0m Tracking weight {109.5} is greater than target weight {90} for UserID: 100
2025/09/20 19:39:03.610900 projection.go:88: [33m[WARNING][0m Tracking weight {108.5} is greater than target weight {90} for UserID: 100
2025/09/20 19:39:03.735818 projection.go:88: [33m[WARNING][0m Tracking weight {107.5} is greater than target weight {90} for UserID: 100
2025/09/20 19:39:03.852452 projection.go:88: [33m[WARNING][0m Tracking weight {106.5} is greater than target weight {90} for UserID: 100
2025/09/20 19:39:03.966024 projection.go:88: [33m[WARNING][0m Tracking weight {105.5} is greater than target weight {90} for UserID: 100
2025/09/20 19:39:04.101748 projection.go:88: [33m[WARNING][0m Tracking weight {104.5} is greater than target weight {90} for UserID: 100
2025/09/20 19:39:04.229673 projection.go:88: [33m[WARNING][0m Tracking weight {103.5} is greater than target weight {90} for UserID: 100
2025/09/20 19:39:04.362593 projection.go:88: [33m[WARNING][0m Tracking weight {102.5} is greater than target weight {90} for UserID: 100
2025/09/20 19:39:04.490896 projection.go:88: [33m[WARNING][0m Tracking weight {101.5} is greater than target weight {90} for UserID: 100
2025/09/20 19:39:04.622559 projection.go:88: [33m[WARNING][0m Tracking weight {100.5} is greater than target weight {90} for UserID: 100
2025/09/20 19:39:04.754558 projection.go:88: [33m[WARNING][0m Tracking weight {99.5} is greater than target weight {90} for UserID: 100
2025/09/20 19:39:04.880299 projection.go:88: [33m[WARNING][0m Tracking weight {98.5} is greater than target weight {90} for UserID: 100
2025/09/20 19:39:05.001732 projection.go:88: [33m[WARNING][0m Tracking weight {97.5} is greater than target weight {90} for UserID: 100
2025/09/20 19:39:05.115293 projection.go:88: [33m[WARNING][0m Tracking weight {96.5} is greater than target weight {90} for UserID: 100
2025/09/20 19:39:05.255162 projection.go:88: [33m[WARNING][0m Tracking weight {95.5} is greater than target weight {90} for UserID: 100
2025/09/20 19:39:05.382755 projection.go:88: [33m[WARNING][0m Tracking weight {94.5} is greater than target weight {90} for UserID: 100
2025/09/20 19:39:05.508709 projection.go:88: [33m[WARNING][0m Tracking weight {93.5} is greater than target weight {90} for UserID: 100
2025/09/20 19:39:05.628019 projection.go:88: [33m[WARNING][0m Tracking weight {92.5} is greater than target weight {90} for UserID: 100
2025/09/20 19:39:05.744510 projection.go:88: [33m[WARNING][0m Tracking weight {91.5} is greater than target weight {90} for UserID: 100
2025/09/20 19:39:05.887764 projection.go:88: [33m[WARNING][0m Tracking weight {90.5} is greater than target weight {90} for UserID: 100
2025/09/20 19:39:06.006309 projection.go:85: [33m[WARNING][0m Tracking weight {89.5} is less than target weight {90} for UserID: 100
2025/09/20 19:39:06.118794 projection.go:85: [33m[WARNING][0m Tracking weight {88.5} is less than target weight {90} for UserID: 100
2025/09/20 19:39:06.242012 projection.go:85: [33m[WARNING][0m Tracking weight {87.5} is less than target weight {90} for UserID: 100
2025/09/20 19:43:35.056723 main.go:399: [33m[WARNING][0m Interrupt received. Shutting down...
2025/09/20 19:43:35.058461 main.go:400: [33m[WARNING][0m Interrupt received. Shutting down...
2025/09/20 19:43:35.058509 main.go:401: [33m[WARNING][0m Interrupt received. Shutting down...
2025/09/20 19:43:35.058523 shutdown.go:35: [33m[WARNING][0m Shutting down application...
