2025/07/13 10:22:23.688167 importExportHelper.go:31: [36m[EXPORT][0m Exporting dateIndexs from File=[/Volumes/External HD/Dev/GitHub/frantic-mass/data/defaults/dateindexs.csv]
2025/07/13 10:22:23.694879 exportHelper.go:60: [36m[EXPORT][0m Exported (1/1) dateIndex(s) to [/Volumes/External HD/Dev/GitHub/frantic-mass/data/defaults/dateindexs.csv]
2025/07/13 10:22:25.836234 importExportHelper.go:31: [36m[EXPORT][0m Exporting weights from File=[/Volumes/External HD/Dev/GitHub/frantic-mass/data/defaults/weights.csv]
2025/07/13 10:22:25.838112 exportHelper.go:60: [36m[EXPORT][0m Exported (1/1) weight(s) to [/Volumes/External HD/Dev/GitHub/frantic-mass/data/defaults/weights.csv]
2025/07/13 10:22:25.841335 importExportHelper.go:31: [36m[EXPORT][0m Exporting Users from File=[/Volumes/External HD/Dev/GitHub/frantic-mass/data/defaults/users.csv]
2025/07/13 10:22:25.843365 exportHelper.go:60: [36m[EXPORT][0m Exported (1/1) User(s) to [/Volumes/External HD/Dev/GitHub/frantic-mass/data/defaults/users.csv]
2025/07/13 10:22:25.848984 importExportHelper.go:31: [36m[EXPORT][0m Exporting baselines from File=[/Volumes/External HD/Dev/GitHub/frantic-mass/data/defaults/baselines.csv]
2025/07/13 10:22:25.851082 exportHelper.go:60: [36m[EXPORT][0m Exported (1/1) baseline(s) to [/Volumes/External HD/Dev/GitHub/frantic-mass/data/defaults/baselines.csv]
2025/07/13 10:22:25.854429 importExportHelper.go:31: [36m[EXPORT][0m Exporting goals from File=[/Volumes/External HD/Dev/GitHub/frantic-mass/data/defaults/goals.csv]
2025/07/13 10:22:25.856832 exportHelper.go:60: [36m[EXPORT][0m Exported (2/2) goal(s) to [/Volumes/External HD/Dev/GitHub/frantic-mass/data/defaults/goals.csv]
2025/07/13 10:22:25.862091 importExportHelper.go:31: [36m[EXPORT][0m Exporting tags from File=[/Volumes/External HD/Dev/GitHub/frantic-mass/data/defaults/tags.csv]
2025/07/13 10:22:25.863957 exportHelper.go:60: [36m[EXPORT][0m Exported (1/1) tag(s) to [/Volumes/External HD/Dev/GitHub/frantic-mass/data/defaults/tags.csv]
2025/07/13 10:22:25.869687 importExportHelper.go:31: [36m[EXPORT][0m Exporting weightProjections from File=[/Volumes/External HD/Dev/GitHub/frantic-mass/data/defaults/weightprojections.csv]
2025/07/13 10:22:25.872736 exportHelper.go:60: [36m[EXPORT][0m Exported (46/46) weightProjection(s) to [/Volumes/External HD/Dev/GitHub/frantic-mass/data/defaults/weightprojections.csv]
2025/07/13 10:22:25.876199 importExportHelper.go:31: [36m[EXPORT][0m Exporting weightTags from File=[/Volumes/External HD/Dev/GitHub/frantic-mass/data/defaults/weighttags.csv]
2025/07/13 10:22:25.880170 exportHelper.go:60: [36m[EXPORT][0m Exported (1/1) weightTag(s) to [/Volumes/External HD/Dev/GitHub/frantic-mass/data/defaults/weighttags.csv]
2025/07/13 10:22:25.886222 importExportHelper.go:31: [36m[EXPORT][0m Exporting weightProjectionHistorys from File=[/Volumes/External HD/Dev/GitHub/frantic-mass/data/defaults/weightprojectionhistorys.csv]
2025/07/13 10:22:25.889556 exportHelper.go:60: [36m[EXPORT][0m Exported (46/46) weightProjectionHistory(s) to [/Volumes/External HD/Dev/GitHub/frantic-mass/data/defaults/weightprojectionhistorys.csv]
2025/07/13 10:22:25.889698 importExportHelper.go:31: [36m[EXPORT][0m Exporting dateIndexs from File=[/Volumes/External HD/Dev/GitHub/frantic-mass/data/defaults/dateindexs.csv]
2025/07/13 10:22:25.891050 exportHelper.go:60: [36m[EXPORT][0m Exported (1/1) dateIndex(s) to [/Volumes/External HD/Dev/GitHub/frantic-mass/data/defaults/dateindexs.csv]
