2025/06/25 21:28:39.341181 audit.go:179: [33m[AUDIT][0m [AUDIT] Action=[CREA] At=[2025-06-25 21:28:39] By=[sys_service] On=[orion] Notes=[New User created massUser5892@example.com]
2025/06/25 21:28:39.369895 audit.go:179: [33m[AUDIT][0m [AUDIT] Action=[CREA] At=[2025-06-25 21:28:39] By=[sys_service] On=[orion] Notes=[New User created massUser6814@example.com]
2025/06/25 21:28:39.401057 audit.go:179: [33m[AUDIT][0m [AUDIT] Action=[CREA] At=[2025-06-25 21:28:39] By=[sys_service] On=[orion] Notes=[New User created massUser6861@example.com]
2025/06/25 21:28:39.422930 audit.go:179: [33m[AUDIT][0m [AUDIT] Action=[CREA] At=[2025-06-25 21:28:39] By=[sys_service] On=[orion] Notes=[New User created massUser3750@example.com]
2025/06/25 21:28:39.442067 audit.go:179: [33m[AUDIT][0m [AUDIT] Action=[CREA] At=[2025-06-25 21:28:39] By=[sys_service] On=[orion] Notes=[New User created massUser9679@example.com]
2025/06/25 21:28:39.460390 audit.go:179: [33m[AUDIT][0m [AUDIT] Action=[CREA] At=[2025-06-25 21:28:39] By=[sys_service] On=[orion] Notes=[New User created massUser5792@example.com]
2025/06/25 21:28:39.508517 audit.go:179: [33m[AUDIT][0m [AUDIT] Action=[CREA] At=[2025-06-25 21:28:39] By=[sys_service] On=[orion] Notes=[New User created massUser9982@example.com]
2025/06/25 21:28:39.527841 audit.go:179: [33m[AUDIT][0m [AUDIT] Action=[CREA] At=[2025-06-25 21:28:39] By=[sys_service] On=[orion] Notes=[New User created massUser1162@example.com]
2025/06/25 21:28:39.546310 audit.go:179: [33m[AUDIT][0m [AUDIT] Action=[CREA] At=[2025-06-25 21:28:39] By=[sys_service] On=[orion] Notes=[New User created massUser8995@example.com]
2025/06/25 21:28:39.564039 audit.go:179: [33m[AUDIT][0m [AUDIT] Action=[CREA] At=[2025-06-25 21:28:39] By=[sys_service] On=[orion] Notes=[New User created massUser2490@example.com]
2025/06/25 21:28:39.759328 audit.go:179: [33m[AUDIT][0m [AUDIT] Action=[CREA] At=[2025-06-25 21:28:39] By=[sys_service] On=[orion] Notes=[New User created massUser8450@example.com]
2025/06/25 21:28:39.770202 audit.go:179: [33m[AUDIT][0m [AUDIT] Action=[CREA] At=[2025-06-25 21:28:39] By=[sys_service] On=[orion] Notes=[New User created massUser1517@example.com]
2025/06/25 21:28:39.779244 audit.go:179: [33m[AUDIT][0m [AUDIT] Action=[CREA] At=[2025-06-25 21:28:39] By=[sys_service] On=[orion] Notes=[New User created massUser6551@example.com]
2025/06/25 21:28:39.791166 audit.go:179: [33m[AUDIT][0m [AUDIT] Action=[CREA] At=[2025-06-25 21:28:39] By=[sys_service] On=[orion] Notes=[New User created massUser3694@example.com]
2025/06/25 21:28:39.811675 audit.go:179: [33m[AUDIT][0m [AUDIT] Action=[CREA] At=[2025-06-25 21:28:39] By=[sys_service] On=[orion] Notes=[New User created massUser8950@example.com]
2025/06/25 21:28:39.823581 audit.go:179: [33m[AUDIT][0m [AUDIT] Action=[CREA] At=[2025-06-25 21:28:39] By=[sys_service] On=[orion] Notes=[New User created massUser9746@example.com]
2025/06/25 21:28:39.837185 audit.go:179: [33m[AUDIT][0m [AUDIT] Action=[CREA] At=[2025-06-25 21:28:39] By=[sys_service] On=[orion] Notes=[New User created massUser9373@example.com]
2025/06/25 21:28:39.848406 audit.go:179: [33m[AUDIT][0m [AUDIT] Action=[CREA] At=[2025-06-25 21:28:39] By=[sys_service] On=[orion] Notes=[New User created massUser8930@example.com]
2025/06/25 21:28:39.857156 audit.go:179: [33m[AUDIT][0m [AUDIT] Action=[CREA] At=[2025-06-25 21:28:39] By=[sys_service] On=[orion] Notes=[New User created massUser5022@example.com]
2025/06/25 21:28:39.864568 audit.go:179: [33m[AUDIT][0m [AUDIT] Action=[CREA] At=[2025-06-25 21:28:39] By=[sys_service] On=[orion] Notes=[New User created massUser2343@example.com]
2025/06/25 21:28:39.881357 audit.go:179: [33m[AUDIT][0m [AUDIT] Action=[DELE] At=[2025-06-25 21:28:39] By=[sys_service] On=[orion] Notes=[Clearing User 100000 @ initialisation ]
2025/06/25 21:28:39.913424 audit.go:179: [33m[AUDIT][0m [AUDIT] Action=[DELE] At=[2025-06-25 21:28:39] By=[sys_service] On=[orion] Notes=[Clearing User 100001 @ initialisation ]
2025/06/25 21:28:39.937102 audit.go:179: [33m[AUDIT][0m [AUDIT] Action=[DELE] At=[2025-06-25 21:28:39] By=[sys_service] On=[orion] Notes=[Clearing User 100002 @ initialisation ]
2025/06/25 21:28:39.956353 audit.go:179: [33m[AUDIT][0m [AUDIT] Action=[DELE] At=[2025-06-25 21:28:39] By=[sys_service] On=[orion] Notes=[Clearing User 100003 @ initialisation ]
2025/06/25 21:28:39.981896 audit.go:179: [33m[AUDIT][0m [AUDIT] Action=[DELE] At=[2025-06-25 21:28:39] By=[sys_service] On=[orion] Notes=[Clearing User 100004 @ initialisation ]
2025/06/25 21:28:39.997229 audit.go:179: [33m[AUDIT][0m [AUDIT] Action=[DELE] At=[2025-06-25 21:28:39] By=[sys_service] On=[orion] Notes=[Clearing User 100005 @ initialisation ]
2025/06/25 21:28:40.026165 audit.go:179: [33m[AUDIT][0m [AUDIT] Action=[DELE] At=[2025-06-25 21:28:40] By=[sys_service] On=[orion] Notes=[Clearing User 100006 @ initialisation ]
2025/06/25 21:28:40.042736 audit.go:179: [33m[AUDIT][0m [AUDIT] Action=[DELE] At=[2025-06-25 21:28:40] By=[sys_service] On=[orion] Notes=[Clearing User 100007 @ initialisation ]
2025/06/25 21:28:40.065038 audit.go:179: [33m[AUDIT][0m [AUDIT] Action=[DELE] At=[2025-06-25 21:28:40] By=[sys_service] On=[orion] Notes=[Clearing User 100008 @ initialisation ]
2025/06/25 21:28:40.085603 audit.go:179: [33m[AUDIT][0m [AUDIT] Action=[DELE] At=[2025-06-25 21:28:40] By=[sys_service] On=[orion] Notes=[Clearing User 100009 @ initialisation ]
2025/06/25 21:28:40.109357 audit.go:179: [33m[AUDIT][0m [AUDIT] Action=[CREA] At=[2025-06-25 21:28:40] By=[sys_service] On=[orion] Notes=[New User created massUser8450@example.com]
2025/06/25 21:28:40.119304 audit.go:179: [33m[AUDIT][0m [AUDIT] Action=[CREA] At=[2025-06-25 21:28:40] By=[sys_service] On=[orion] Notes=[New User created massUser1517@example.com]
2025/06/25 21:28:40.142864 audit.go:179: [33m[AUDIT][0m [AUDIT] Action=[CREA] At=[2025-06-25 21:28:40] By=[sys_service] On=[orion] Notes=[New User created massUser6551@example.com]
2025/06/25 21:28:40.149631 audit.go:179: [33m[AUDIT][0m [AUDIT] Action=[CREA] At=[2025-06-25 21:28:40] By=[sys_service] On=[orion] Notes=[New User created massUser3694@example.com]
2025/06/25 21:28:40.162432 audit.go:179: [33m[AUDIT][0m [AUDIT] Action=[CREA] At=[2025-06-25 21:28:40] By=[sys_service] On=[orion] Notes=[New User created massUser8950@example.com]
2025/06/25 21:28:40.170155 audit.go:179: [33m[AUDIT][0m [AUDIT] Action=[CREA] At=[2025-06-25 21:28:40] By=[sys_service] On=[orion] Notes=[New User created massUser9746@example.com]
2025/06/25 21:28:40.181788 audit.go:179: [33m[AUDIT][0m [AUDIT] Action=[CREA] At=[2025-06-25 21:28:40] By=[sys_service] On=[orion] Notes=[New User created massUser9373@example.com]
2025/06/25 21:28:40.189568 audit.go:179: [33m[AUDIT][0m [AUDIT] Action=[CREA] At=[2025-06-25 21:28:40] By=[sys_service] On=[orion] Notes=[New User created massUser8930@example.com]
2025/06/25 21:28:40.198623 audit.go:179: [33m[AUDIT][0m [AUDIT] Action=[CREA] At=[2025-06-25 21:28:40] By=[sys_service] On=[orion] Notes=[New User created massUser5022@example.com]
2025/06/25 21:28:40.217142 audit.go:179: [33m[AUDIT][0m [AUDIT] Action=[CREA] At=[2025-06-25 21:28:40] By=[sys_service] On=[orion] Notes=[New User created massUser2343@example.com]
2025/06/25 21:28:40.228686 audit.go:179: [33m[AUDIT][0m [AUDIT] Action=[CREA] At=[2025-06-25 21:28:40] By=[sys_service] On=[orion] Notes=[New baseline created 2490]
2025/06/25 21:28:40.241063 audit.go:179: [33m[AUDIT][0m [AUDIT] Action=[CREA] At=[2025-06-25 21:28:40] By=[sys_service] On=[orion] Notes=[New goal created 2490]
2025/06/25 21:28:40.260810 audit.go:179: [33m[AUDIT][0m [AUDIT] Action=[CREA] At=[2025-06-25 21:28:40] By=[sys_service] On=[orion] Notes=[New tag created TagFor2490]
2025/06/25 21:28:40.274618 audit.go:179: [33m[AUDIT][0m [AUDIT] Action=[CREA] At=[2025-06-25 21:28:40] By=[sys_service] On=[orion] Notes=[New weight created 2490]
2025/06/25 21:28:40.286751 audit.go:179: [33m[AUDIT][0m [AUDIT] Action=[CREA] At=[2025-06-25 21:28:40] By=[sys_service] On=[orion] Notes=[New weight created 2490]
2025/06/25 21:28:40.308405 audit.go:179: [33m[AUDIT][0m [AUDIT] Action=[CREA] At=[2025-06-25 21:28:40] By=[sys_service] On=[orion] Notes=[New weightProjection created 2490-100000-1]
2025/06/25 21:28:40.324053 audit.go:179: [33m[AUDIT][0m [AUDIT] Action=[CREA] At=[2025-06-25 21:28:40] By=[sys_service] On=[orion] Notes=[New weightProjection created 2490-100000-2]
2025/06/25 21:28:40.335033 audit.go:179: [33m[AUDIT][0m [AUDIT] Action=[CREA] At=[2025-06-25 21:28:40] By=[sys_service] On=[orion] Notes=[New weightProjection created 2490-100000-3]
2025/06/25 21:28:40.358425 audit.go:179: [33m[AUDIT][0m [AUDIT] Action=[CREA] At=[2025-06-25 21:28:40] By=[sys_service] On=[orion] Notes=[New weightProjection created 2490-100000-4]
2025/06/25 21:28:40.373396 audit.go:179: [33m[AUDIT][0m [AUDIT] Action=[CREA] At=[2025-06-25 21:28:40] By=[sys_service] On=[orion] Notes=[New weightProjection created 2490-100000-5]
2025/06/25 21:28:40.387229 audit.go:179: [33m[AUDIT][0m [AUDIT] Action=[CREA] At=[2025-06-25 21:28:40] By=[sys_service] On=[orion] Notes=[New weightProjection created 2490-100000-6]
2025/06/25 21:28:40.402712 audit.go:179: [33m[AUDIT][0m [AUDIT] Action=[CREA] At=[2025-06-25 21:28:40] By=[sys_service] On=[orion] Notes=[New weightProjection created 2490-100000-7]
2025/06/25 21:28:40.429805 audit.go:179: [33m[AUDIT][0m [AUDIT] Action=[CREA] At=[2025-06-25 21:28:40] By=[sys_service] On=[orion] Notes=[New weightProjection created 2490-100000-8]
2025/06/25 21:28:40.441354 audit.go:179: [33m[AUDIT][0m [AUDIT] Action=[CREA] At=[2025-06-25 21:28:40] By=[sys_service] On=[orion] Notes=[New weightProjection created 2490-100000-9]
2025/06/25 21:28:40.452034 audit.go:179: [33m[AUDIT][0m [AUDIT] Action=[CREA] At=[2025-06-25 21:28:40] By=[sys_service] On=[orion] Notes=[New weightProjection created 2490-100000-10]
2025/06/25 21:28:40.479518 audit.go:179: [33m[AUDIT][0m [AUDIT] Action=[CREA] At=[2025-06-25 21:28:40] By=[sys_service] On=[orion] Notes=[New weight created 2490]
2025/06/25 21:28:40.493323 audit.go:179: [33m[AUDIT][0m [AUDIT] Action=[CREA] At=[2025-06-25 21:28:40] By=[sys_service] On=[orion] Notes=[New weightProjection created 2490-100000-1]
2025/06/25 21:28:40.510600 audit.go:179: [33m[AUDIT][0m [AUDIT] Action=[CREA] At=[2025-06-25 21:28:40] By=[sys_service] On=[orion] Notes=[New weightProjection created 2490-100000-2]
2025/06/25 21:28:40.522284 audit.go:179: [33m[AUDIT][0m [AUDIT] Action=[CREA] At=[2025-06-25 21:28:40] By=[sys_service] On=[orion] Notes=[New weightProjection created 2490-100000-3]
2025/06/25 21:28:40.552453 audit.go:179: [33m[AUDIT][0m [AUDIT] Action=[CREA] At=[2025-06-25 21:28:40] By=[sys_service] On=[orion] Notes=[New weightProjection created 2490-100000-4]
2025/06/25 21:28:40.563199 audit.go:179: [33m[AUDIT][0m [AUDIT] Action=[CREA] At=[2025-06-25 21:28:40] By=[sys_service] On=[orion] Notes=[New weightProjection created 2490-100000-5]
2025/06/25 21:28:40.581409 audit.go:179: [33m[AUDIT][0m [AUDIT] Action=[CREA] At=[2025-06-25 21:28:40] By=[sys_service] On=[orion] Notes=[New weightProjection created 2490-100000-6]
2025/06/25 21:28:40.603438 audit.go:179: [33m[AUDIT][0m [AUDIT] Action=[CREA] At=[2025-06-25 21:28:40] By=[sys_service] On=[orion] Notes=[New weightProjection created 2490-100000-7]
2025/06/25 21:28:40.622700 audit.go:179: [33m[AUDIT][0m [AUDIT] Action=[CREA] At=[2025-06-25 21:28:40] By=[sys_service] On=[orion] Notes=[New weightProjection created 2490-100000-8]
2025/06/25 21:28:40.634654 audit.go:179: [33m[AUDIT][0m [AUDIT] Action=[CREA] At=[2025-06-25 21:28:40] By=[sys_service] On=[orion] Notes=[New weightProjection created 2490-100000-9]
2025/06/25 21:28:40.661101 audit.go:179: [33m[AUDIT][0m [AUDIT] Action=[CREA] At=[2025-06-25 21:28:40] By=[sys_service] On=[orion] Notes=[New weightProjection created 2490-100000-10]
2025/06/25 21:28:40.678085 audit.go:179: [33m[AUDIT][0m [AUDIT] Action=[CREA] At=[2025-06-25 21:28:40] By=[sys_service] On=[orion] Notes=[New weight created 2490]
2025/06/25 21:28:40.690329 audit.go:179: [33m[AUDIT][0m [AUDIT] Action=[CREA] At=[2025-06-25 21:28:40] By=[sys_service] On=[orion] Notes=[New weightProjection created 2490-100000-1]
2025/06/25 21:28:40.715107 audit.go:179: [33m[AUDIT][0m [AUDIT] Action=[CREA] At=[2025-06-25 21:28:40] By=[sys_service] On=[orion] Notes=[New weightProjection created 2490-100000-2]
2025/06/25 21:28:40.735892 audit.go:179: [33m[AUDIT][0m [AUDIT] Action=[CREA] At=[2025-06-25 21:28:40] By=[sys_service] On=[orion] Notes=[New weightProjection created 2490-100000-3]
2025/06/25 21:28:40.748638 audit.go:179: [33m[AUDIT][0m [AUDIT] Action=[CREA] At=[2025-06-25 21:28:40] By=[sys_service] On=[orion] Notes=[New weightProjection created 2490-100000-4]
2025/06/25 21:28:40.773130 audit.go:179: [33m[AUDIT][0m [AUDIT] Action=[CREA] At=[2025-06-25 21:28:40] By=[sys_service] On=[orion] Notes=[New weightProjection created 2490-100000-5]
2025/06/25 21:28:40.794144 audit.go:179: [33m[AUDIT][0m [AUDIT] Action=[CREA] At=[2025-06-25 21:28:40] By=[sys_service] On=[orion] Notes=[New weightProjection created 2490-100000-6]
2025/06/25 21:28:40.805212 audit.go:179: [33m[AUDIT][0m [AUDIT] Action=[CREA] At=[2025-06-25 21:28:40] By=[sys_service] On=[orion] Notes=[New weightProjection created 2490-100000-7]
2025/06/25 21:28:40.830551 audit.go:179: [33m[AUDIT][0m [AUDIT] Action=[CREA] At=[2025-06-25 21:28:40] By=[sys_service] On=[orion] Notes=[New weightProjection created 2490-100000-8]
2025/06/25 21:28:40.845491 audit.go:179: [33m[AUDIT][0m [AUDIT] Action=[CREA] At=[2025-06-25 21:28:40] By=[sys_service] On=[orion] Notes=[New weightProjection created 2490-100000-9]
2025/06/25 21:28:40.859123 audit.go:179: [33m[AUDIT][0m [AUDIT] Action=[CREA] At=[2025-06-25 21:28:40] By=[sys_service] On=[orion] Notes=[New weightProjection created 2490-100000-10]
2025/06/25 21:28:40.882588 audit.go:179: [33m[AUDIT][0m [AUDIT] Action=[CREA] At=[2025-06-25 21:28:40] By=[sys_service] On=[orion] Notes=[New weight created 2490]
2025/06/25 21:28:40.900566 audit.go:179: [33m[AUDIT][0m [AUDIT] Action=[CREA] At=[2025-06-25 21:28:40] By=[sys_service] On=[orion] Notes=[New weightProjection created 2490-100000-1]
2025/06/25 21:28:40.915522 audit.go:179: [33m[AUDIT][0m [AUDIT] Action=[CREA] At=[2025-06-25 21:28:40] By=[sys_service] On=[orion] Notes=[New weightProjection created 2490-100000-2]
2025/06/25 21:28:40.929222 audit.go:179: [33m[AUDIT][0m [AUDIT] Action=[CREA] At=[2025-06-25 21:28:40] By=[sys_service] On=[orion] Notes=[New weightProjection created 2490-100000-3]
2025/06/25 21:28:40.965800 audit.go:179: [33m[AUDIT][0m [AUDIT] Action=[CREA] At=[2025-06-25 21:28:40] By=[sys_service] On=[orion] Notes=[New weightProjection created 2490-100000-4]
2025/06/25 21:28:40.978515 audit.go:179: [33m[AUDIT][0m [AUDIT] Action=[CREA] At=[2025-06-25 21:28:40] By=[sys_service] On=[orion] Notes=[New weightProjection created 2490-100000-5]
2025/06/25 21:28:40.994195 audit.go:179: [33m[AUDIT][0m [AUDIT] Action=[CREA] At=[2025-06-25 21:28:40] By=[sys_service] On=[orion] Notes=[New weightProjection created 2490-100000-6]
2025/06/25 21:28:41.022421 audit.go:179: [33m[AUDIT][0m [AUDIT] Action=[CREA] At=[2025-06-25 21:28:41] By=[sys_service] On=[orion] Notes=[New weightProjection created 2490-100000-7]
2025/06/25 21:28:41.038347 audit.go:179: [33m[AUDIT][0m [AUDIT] Action=[CREA] At=[2025-06-25 21:28:41] By=[sys_service] On=[orion] Notes=[New weightProjection created 2490-100000-8]
2025/06/25 21:28:41.054375 audit.go:179: [33m[AUDIT][0m [AUDIT] Action=[CREA] At=[2025-06-25 21:28:41] By=[sys_service] On=[orion] Notes=[New weightProjection created 2490-100000-9]
2025/06/25 21:28:41.081724 audit.go:179: [33m[AUDIT][0m [AUDIT] Action=[CREA] At=[2025-06-25 21:28:41] By=[sys_service] On=[orion] Notes=[New weightProjection created 2490-100000-10]
2025/06/25 21:28:41.098195 audit.go:179: [33m[AUDIT][0m [AUDIT] Action=[CREA] At=[2025-06-25 21:28:41] By=[sys_service] On=[orion] Notes=[New weight created 2490]
2025/06/25 21:28:41.110372 audit.go:179: [33m[AUDIT][0m [AUDIT] Action=[CREA] At=[2025-06-25 21:28:41] By=[sys_service] On=[orion] Notes=[New weightProjection created 2490-100000-1]
2025/06/25 21:28:41.136005 audit.go:179: [33m[AUDIT][0m [AUDIT] Action=[CREA] At=[2025-06-25 21:28:41] By=[sys_service] On=[orion] Notes=[New weightProjection created 2490-100000-2]
2025/06/25 21:28:41.151593 audit.go:179: [33m[AUDIT][0m [AUDIT] Action=[CREA] At=[2025-06-25 21:28:41] By=[sys_service] On=[orion] Notes=[New weightProjection created 2490-100000-3]
2025/06/25 21:28:41.166178 audit.go:179: [33m[AUDIT][0m [AUDIT] Action=[CREA] At=[2025-06-25 21:28:41] By=[sys_service] On=[orion] Notes=[New weightProjection created 2490-100000-4]
2025/06/25 21:28:41.188831 audit.go:179: [33m[AUDIT][0m [AUDIT] Action=[CREA] At=[2025-06-25 21:28:41] By=[sys_service] On=[orion] Notes=[New weightProjection created 2490-100000-5]
2025/06/25 21:28:41.207745 audit.go:179: [33m[AUDIT][0m [AUDIT] Action=[CREA] At=[2025-06-25 21:28:41] By=[sys_service] On=[orion] Notes=[New weightProjection created 2490-100000-6]
2025/06/25 21:28:41.221257 audit.go:179: [33m[AUDIT][0m [AUDIT] Action=[CREA] At=[2025-06-25 21:28:41] By=[sys_service] On=[orion] Notes=[New weightProjection created 2490-100000-7]
2025/06/25 21:28:41.247145 audit.go:179: [33m[AUDIT][0m [AUDIT] Action=[CREA] At=[2025-06-25 21:28:41] By=[sys_service] On=[orion] Notes=[New weightProjection created 2490-100000-8]
2025/06/25 21:28:41.264836 audit.go:179: [33m[AUDIT][0m [AUDIT] Action=[CREA] At=[2025-06-25 21:28:41] By=[sys_service] On=[orion] Notes=[New weightProjection created 2490-100000-9]
2025/06/25 21:28:41.279039 audit.go:179: [33m[AUDIT][0m [AUDIT] Action=[CREA] At=[2025-06-25 21:28:41] By=[sys_service] On=[orion] Notes=[New weightProjection created 2490-100000-10]
2025/06/25 21:28:41.303869 audit.go:179: [33m[AUDIT][0m [AUDIT] Action=[CREA] At=[2025-06-25 21:28:41] By=[sys_service] On=[orion] Notes=[New weight created 2490]
2025/06/25 21:28:41.319455 audit.go:179: [33m[AUDIT][0m [AUDIT] Action=[CREA] At=[2025-06-25 21:28:41] By=[sys_service] On=[orion] Notes=[New weightProjection created 2490-100000-1]
2025/06/25 21:28:41.335232 audit.go:179: [33m[AUDIT][0m [AUDIT] Action=[CREA] At=[2025-06-25 21:28:41] By=[sys_service] On=[orion] Notes=[New weightProjection created 2490-100000-2]
2025/06/25 21:28:41.360909 audit.go:179: [33m[AUDIT][0m [AUDIT] Action=[CREA] At=[2025-06-25 21:28:41] By=[sys_service] On=[orion] Notes=[New weightProjection created 2490-100000-3]
2025/06/25 21:28:41.382399 audit.go:179: [33m[AUDIT][0m [AUDIT] Action=[CREA] At=[2025-06-25 21:28:41] By=[sys_service] On=[orion] Notes=[New weightProjection created 2490-100000-4]
2025/06/25 21:28:41.397725 audit.go:179: [33m[AUDIT][0m [AUDIT] Action=[CREA] At=[2025-06-25 21:28:41] By=[sys_service] On=[orion] Notes=[New weightProjection created 2490-100000-5]
2025/06/25 21:28:41.428515 audit.go:179: [33m[AUDIT][0m [AUDIT] Action=[CREA] At=[2025-06-25 21:28:41] By=[sys_service] On=[orion] Notes=[New weightProjection created 2490-100000-6]
2025/06/25 21:28:41.446762 audit.go:179: [33m[AUDIT][0m [AUDIT] Action=[CREA] At=[2025-06-25 21:28:41] By=[sys_service] On=[orion] Notes=[New weightProjection created 2490-100000-7]
2025/06/25 21:28:41.462327 audit.go:179: [33m[AUDIT][0m [AUDIT] Action=[CREA] At=[2025-06-25 21:28:41] By=[sys_service] On=[orion] Notes=[New weightProjection created 2490-100000-8]
2025/06/25 21:28:41.494107 audit.go:179: [33m[AUDIT][0m [AUDIT] Action=[CREA] At=[2025-06-25 21:28:41] By=[sys_service] On=[orion] Notes=[New weightProjection created 2490-100000-9]
2025/06/25 21:28:41.509247 audit.go:179: [33m[AUDIT][0m [AUDIT] Action=[CREA] At=[2025-06-25 21:28:41] By=[sys_service] On=[orion] Notes=[New weightProjection created 2490-100000-10]
2025/06/25 21:28:41.538703 audit.go:179: [33m[AUDIT][0m [AUDIT] Action=[CREA] At=[2025-06-25 21:28:41] By=[sys_service] On=[orion] Notes=[New weight created 2490]
2025/06/25 21:28:41.551678 audit.go:179: [33m[AUDIT][0m [AUDIT] Action=[CREA] At=[2025-06-25 21:28:41] By=[sys_service] On=[orion] Notes=[New weightProjection created 2490-100000-1]
2025/06/25 21:28:41.572215 audit.go:179: [33m[AUDIT][0m [AUDIT] Action=[CREA] At=[2025-06-25 21:28:41] By=[sys_service] On=[orion] Notes=[New weightProjection created 2490-100000-2]
2025/06/25 21:28:41.598775 audit.go:179: [33m[AUDIT][0m [AUDIT] Action=[CREA] At=[2025-06-25 21:28:41] By=[sys_service] On=[orion] Notes=[New weightProjection created 2490-100000-3]
2025/06/25 21:28:41.623149 audit.go:179: [33m[AUDIT][0m [AUDIT] Action=[CREA] At=[2025-06-25 21:28:41] By=[sys_service] On=[orion] Notes=[New weightProjection created 2490-100000-4]
2025/06/25 21:28:41.638847 audit.go:179: [33m[AUDIT][0m [AUDIT] Action=[CREA] At=[2025-06-25 21:28:41] By=[sys_service] On=[orion] Notes=[New weightProjection created 2490-100000-5]
2025/06/25 21:28:41.668924 audit.go:179: [33m[AUDIT][0m [AUDIT] Action=[CREA] At=[2025-06-25 21:28:41] By=[sys_service] On=[orion] Notes=[New weightProjection created 2490-100000-6]
2025/06/25 21:28:41.690794 audit.go:179: [33m[AUDIT][0m [AUDIT] Action=[CREA] At=[2025-06-25 21:28:41] By=[sys_service] On=[orion] Notes=[New weightProjection created 2490-100000-7]
2025/06/25 21:28:41.719710 audit.go:179: [33m[AUDIT][0m [AUDIT] Action=[CREA] At=[2025-06-25 21:28:41] By=[sys_service] On=[orion] Notes=[New weightProjection created 2490-100000-8]
2025/06/25 21:28:41.738387 audit.go:179: [33m[AUDIT][0m [AUDIT] Action=[CREA] At=[2025-06-25 21:28:41] By=[sys_service] On=[orion] Notes=[New weightProjection created 2490-100000-9]
2025/06/25 21:28:41.754589 audit.go:179: [33m[AUDIT][0m [AUDIT] Action=[CREA] At=[2025-06-25 21:28:41] By=[sys_service] On=[orion] Notes=[New weightProjection created 2490-100000-10]
2025/06/25 21:28:41.781030 audit.go:179: [33m[AUDIT][0m [AUDIT] Action=[CREA] At=[2025-06-25 21:28:41] By=[sys_service] On=[orion] Notes=[New weight created 2490]
2025/06/25 21:28:41.797160 audit.go:179: [33m[AUDIT][0m [AUDIT] Action=[CREA] At=[2025-06-25 21:28:41] By=[sys_service] On=[orion] Notes=[New weightProjection created 2490-100000-1]
2025/06/25 21:28:41.814479 audit.go:179: [33m[AUDIT][0m [AUDIT] Action=[CREA] At=[2025-06-25 21:28:41] By=[sys_service] On=[orion] Notes=[New weightProjection created 2490-100000-2]
2025/06/25 21:28:41.845086 audit.go:179: [33m[AUDIT][0m [AUDIT] Action=[CREA] At=[2025-06-25 21:28:41] By=[sys_service] On=[orion] Notes=[New weightProjection created 2490-100000-3]
2025/06/25 21:28:41.866868 audit.go:179: [33m[AUDIT][0m [AUDIT] Action=[CREA] At=[2025-06-25 21:28:41] By=[sys_service] On=[orion] Notes=[New weightProjection created 2490-100000-4]
2025/06/25 21:28:41.882016 audit.go:179: [33m[AUDIT][0m [AUDIT] Action=[CREA] At=[2025-06-25 21:28:41] By=[sys_service] On=[orion] Notes=[New weightProjection created 2490-100000-5]
2025/06/25 21:28:41.921123 audit.go:179: [33m[AUDIT][0m [AUDIT] Action=[CREA] At=[2025-06-25 21:28:41] By=[sys_service] On=[orion] Notes=[New weightProjection created 2490-100000-6]
2025/06/25 21:28:41.936842 audit.go:179: [33m[AUDIT][0m [AUDIT] Action=[CREA] At=[2025-06-25 21:28:41] By=[sys_service] On=[orion] Notes=[New weightProjection created 2490-100000-7]
2025/06/25 21:28:41.969379 audit.go:179: [33m[AUDIT][0m [AUDIT] Action=[CREA] At=[2025-06-25 21:28:41] By=[sys_service] On=[orion] Notes=[New weightProjection created 2490-100000-8]
2025/06/25 21:28:41.989982 audit.go:179: [33m[AUDIT][0m [AUDIT] Action=[CREA] At=[2025-06-25 21:28:41] By=[sys_service] On=[orion] Notes=[New weightProjection created 2490-100000-9]
2025/06/25 21:28:42.025295 audit.go:179: [33m[AUDIT][0m [AUDIT] Action=[CREA] At=[2025-06-25 21:28:42] By=[sys_service] On=[orion] Notes=[New weightProjection created 2490-100000-10]
2025/06/25 21:28:42.046537 audit.go:179: [33m[AUDIT][0m [AUDIT] Action=[CREA] At=[2025-06-25 21:28:42] By=[sys_service] On=[orion] Notes=[New weight created 2490]
2025/06/25 21:28:42.059964 audit.go:179: [33m[AUDIT][0m [AUDIT] Action=[CREA] At=[2025-06-25 21:28:42] By=[sys_service] On=[orion] Notes=[New weightProjection created 2490-100000-1]
2025/06/25 21:28:42.086103 audit.go:179: [33m[AUDIT][0m [AUDIT] Action=[CREA] At=[2025-06-25 21:28:42] By=[sys_service] On=[orion] Notes=[New weightProjection created 2490-100000-2]
2025/06/25 21:28:42.107375 audit.go:179: [33m[AUDIT][0m [AUDIT] Action=[CREA] At=[2025-06-25 21:28:42] By=[sys_service] On=[orion] Notes=[New weightProjection created 2490-100000-3]
2025/06/25 21:28:42.123029 audit.go:179: [33m[AUDIT][0m [AUDIT] Action=[CREA] At=[2025-06-25 21:28:42] By=[sys_service] On=[orion] Notes=[New weightProjection created 2490-100000-4]
2025/06/25 21:28:42.156441 audit.go:179: [33m[AUDIT][0m [AUDIT] Action=[CREA] At=[2025-06-25 21:28:42] By=[sys_service] On=[orion] Notes=[New weightProjection created 2490-100000-5]
2025/06/25 21:28:42.173585 audit.go:179: [33m[AUDIT][0m [AUDIT] Action=[CREA] At=[2025-06-25 21:28:42] By=[sys_service] On=[orion] Notes=[New weightProjection created 2490-100000-6]
2025/06/25 21:28:42.201816 audit.go:179: [33m[AUDIT][0m [AUDIT] Action=[CREA] At=[2025-06-25 21:28:42] By=[sys_service] On=[orion] Notes=[New weightProjection created 2490-100000-7]
2025/06/25 21:28:42.221120 audit.go:179: [33m[AUDIT][0m [AUDIT] Action=[CREA] At=[2025-06-25 21:28:42] By=[sys_service] On=[orion] Notes=[New weightProjection created 2490-100000-8]
2025/06/25 21:28:42.250447 audit.go:179: [33m[AUDIT][0m [AUDIT] Action=[CREA] At=[2025-06-25 21:28:42] By=[sys_service] On=[orion] Notes=[New weightProjection created 2490-100000-9]
2025/06/25 21:28:42.270602 audit.go:179: [33m[AUDIT][0m [AUDIT] Action=[CREA] At=[2025-06-25 21:28:42] By=[sys_service] On=[orion] Notes=[New weightProjection created 2490-100000-10]
2025/06/25 21:28:42.299962 audit.go:179: [33m[AUDIT][0m [AUDIT] Action=[CREA] At=[2025-06-25 21:28:42] By=[sys_service] On=[orion] Notes=[New weight created 2490]
2025/06/25 21:28:42.315739 audit.go:179: [33m[AUDIT][0m [AUDIT] Action=[CREA] At=[2025-06-25 21:28:42] By=[sys_service] On=[orion] Notes=[New weightProjection created 2490-100000-1]
2025/06/25 21:28:42.338156 audit.go:179: [33m[AUDIT][0m [AUDIT] Action=[CREA] At=[2025-06-25 21:28:42] By=[sys_service] On=[orion] Notes=[New weightProjection created 2490-100000-2]
2025/06/25 21:28:42.371555 audit.go:179: [33m[AUDIT][0m [AUDIT] Action=[CREA] At=[2025-06-25 21:28:42] By=[sys_service] On=[orion] Notes=[New weightProjection created 2490-100000-3]
2025/06/25 21:28:42.392519 audit.go:179: [33m[AUDIT][0m [AUDIT] Action=[CREA] At=[2025-06-25 21:28:42] By=[sys_service] On=[orion] Notes=[New weightProjection created 2490-100000-4]
2025/06/25 21:28:42.422636 audit.go:179: [33m[AUDIT][0m [AUDIT] Action=[CREA] At=[2025-06-25 21:28:42] By=[sys_service] On=[orion] Notes=[New weightProjection created 2490-100000-5]
2025/06/25 21:28:42.443114 audit.go:179: [33m[AUDIT][0m [AUDIT] Action=[CREA] At=[2025-06-25 21:28:42] By=[sys_service] On=[orion] Notes=[New weightProjection created 2490-100000-6]
2025/06/25 21:28:42.473902 audit.go:179: [33m[AUDIT][0m [AUDIT] Action=[CREA] At=[2025-06-25 21:28:42] By=[sys_service] On=[orion] Notes=[New weightProjection created 2490-100000-7]
2025/06/25 21:28:42.498285 audit.go:179: [33m[AUDIT][0m [AUDIT] Action=[CREA] At=[2025-06-25 21:28:42] By=[sys_service] On=[orion] Notes=[New weightProjection created 2490-100000-8]
2025/06/25 21:28:42.530215 audit.go:179: [33m[AUDIT][0m [AUDIT] Action=[CREA] At=[2025-06-25 21:28:42] By=[sys_service] On=[orion] Notes=[New weightProjection created 2490-100000-9]
2025/06/25 21:28:42.554936 audit.go:179: [33m[AUDIT][0m [AUDIT] Action=[CREA] At=[2025-06-25 21:28:42] By=[sys_service] On=[orion] Notes=[New weightProjection created 2490-100000-10]
2025/06/25 21:28:42.587116 audit.go:179: [33m[AUDIT][0m [AUDIT] Action=[CREA] At=[2025-06-25 21:28:42] By=[sys_service] On=[orion] Notes=[New weightTag created 100000]
2025/06/25 21:28:42.607890 audit.go:179: [33m[AUDIT][0m [AUDIT] Action=[GRAN] At=[2025-06-25 21:28:42] By=[sys_service] On=[orion] Notes=[Job Processing]
2025/06/25 21:28:42.617009 audit.go:179: [33m[AUDIT][0m [AUDIT] Action=[RUN_] At=[2025-06-25 21:28:42] By=[sys_service] On=[orion] Notes=[Job Processing User Job]
2025/06/25 21:28:42.634572 audit.go:179: [33m[AUDIT][0m [AUDIT] Action=[GRAN] At=[2025-06-25 21:28:42] By=[sys_service] On=[orion] Notes=[Job Processing]
2025/06/25 21:28:42.641349 audit.go:179: [33m[AUDIT][0m [AUDIT] Action=[RUN_] At=[2025-06-25 21:28:42] By=[sys_service] On=[orion] Notes=[Job Processing User Job]
2025/06/25 21:28:42.651524 audit.go:179: [33m[AUDIT][0m [AUDIT] Action=[GRAN] At=[2025-06-25 21:28:42] By=[sys_service] On=[orion] Notes=[Job Processing]
2025/06/25 21:28:42.670630 audit.go:179: [33m[AUDIT][0m [AUDIT] Action=[RUN_] At=[2025-06-25 21:28:42] By=[sys_service] On=[orion] Notes=[Job Processing User Job]
2025/06/25 21:28:42.680613 audit.go:179: [33m[AUDIT][0m [AUDIT] Action=[GRAN] At=[2025-06-25 21:28:42] By=[sys_service] On=[orion] Notes=[Job Processing]
2025/06/25 21:28:42.692525 audit.go:179: [33m[AUDIT][0m [AUDIT] Action=[RUN_] At=[2025-06-25 21:28:42] By=[sys_service] On=[orion] Notes=[Job Processing User Job]
2025/06/25 21:28:42.702512 audit.go:179: [33m[AUDIT][0m [AUDIT] Action=[GRAN] At=[2025-06-25 21:28:42] By=[sys_service] On=[orion] Notes=[Job Processing]
2025/06/25 21:28:42.710471 audit.go:179: [33m[AUDIT][0m [AUDIT] Action=[RUN_] At=[2025-06-25 21:28:42] By=[sys_service] On=[orion] Notes=[Job Processing User Job]
2025/06/25 21:28:42.720019 audit.go:179: [33m[AUDIT][0m [AUDIT] Action=[GRAN] At=[2025-06-25 21:28:42] By=[sys_service] On=[orion] Notes=[Job Processing]
2025/06/25 21:28:42.728386 audit.go:179: [33m[AUDIT][0m [AUDIT] Action=[RUN_] At=[2025-06-25 21:28:42] By=[sys_service] On=[orion] Notes=[Job Processing User Job]
2025/06/25 21:28:42.750314 audit.go:179: [33m[AUDIT][0m [AUDIT] Action=[GRAN] At=[2025-06-25 21:28:42] By=[sys_service] On=[orion] Notes=[Job Processing]
2025/06/25 21:28:42.757941 audit.go:179: [33m[AUDIT][0m [AUDIT] Action=[RUN_] At=[2025-06-25 21:28:42] By=[sys_service] On=[orion] Notes=[Job Processing User Job]
2025/06/25 21:28:42.772260 audit.go:179: [33m[AUDIT][0m [AUDIT] Action=[GRAN] At=[2025-06-25 21:28:42] By=[sys_service] On=[orion] Notes=[Job Processing]
2025/06/25 21:28:42.782293 audit.go:179: [33m[AUDIT][0m [AUDIT] Action=[RUN_] At=[2025-06-25 21:28:42] By=[sys_service] On=[orion] Notes=[Job Processing User Job]
2025/06/25 21:28:42.791769 audit.go:179: [33m[AUDIT][0m [AUDIT] Action=[GRAN] At=[2025-06-25 21:28:42] By=[sys_service] On=[orion] Notes=[Job Processing]
2025/06/25 21:28:42.798778 audit.go:179: [33m[AUDIT][0m [AUDIT] Action=[RUN_] At=[2025-06-25 21:28:42] By=[sys_service] On=[orion] Notes=[Job Processing User Job]
2025/06/25 21:28:42.808832 audit.go:179: [33m[AUDIT][0m [AUDIT] Action=[GRAN] At=[2025-06-25 21:28:42] By=[sys_service] On=[orion] Notes=[Job Processing]
2025/06/25 21:28:42.827429 audit.go:179: [33m[AUDIT][0m [AUDIT] Action=[RUN_] At=[2025-06-25 21:28:42] By=[sys_service] On=[orion] Notes=[Job Processing User Job]
2025/06/25 21:28:42.837993 audit.go:179: [33m[AUDIT][0m [AUDIT] Action=[GRAN] At=[2025-06-25 21:28:42] By=[sys_service] On=[orion] Notes=[Job Processing]
2025/06/25 21:28:42.849645 audit.go:179: [33m[AUDIT][0m [AUDIT] Action=[RUN_] At=[2025-06-25 21:28:42] By=[sys_service] On=[orion] Notes=[Job Processing User Job]
2025/06/25 21:28:42.859949 audit.go:179: [33m[AUDIT][0m [AUDIT] Action=[GRAN] At=[2025-06-25 21:28:42] By=[sys_service] On=[orion] Notes=[Job Processing]
2025/06/25 21:28:42.867439 audit.go:179: [33m[AUDIT][0m [AUDIT] Action=[RUN_] At=[2025-06-25 21:28:42] By=[sys_service] On=[orion] Notes=[Job Processing User Job]
2025/06/25 21:28:42.877303 audit.go:179: [33m[AUDIT][0m [AUDIT] Action=[GRAN] At=[2025-06-25 21:28:42] By=[sys_service] On=[orion] Notes=[Job Processing]
2025/06/25 21:28:42.884602 audit.go:179: [33m[AUDIT][0m [AUDIT] Action=[RUN_] At=[2025-06-25 21:28:42] By=[sys_service] On=[orion] Notes=[Job Processing User Job]
2025/06/25 21:28:42.905711 audit.go:179: [33m[AUDIT][0m [AUDIT] Action=[GRAN] At=[2025-06-25 21:28:42] By=[sys_service] On=[orion] Notes=[Job Processing]
2025/06/25 21:28:42.921486 audit.go:179: [33m[AUDIT][0m [AUDIT] Action=[RUN_] At=[2025-06-25 21:28:42] By=[sys_service] On=[orion] Notes=[Job Processing User Job]
2025/06/25 21:28:42.935198 audit.go:179: [33m[AUDIT][0m [AUDIT] Action=[GRAN] At=[2025-06-25 21:28:42] By=[sys_service] On=[orion] Notes=[Job Processing]
2025/06/25 21:28:42.943734 audit.go:179: [33m[AUDIT][0m [AUDIT] Action=[RUN_] At=[2025-06-25 21:28:42] By=[sys_service] On=[orion] Notes=[Job Processing User Job]
2025/06/25 21:28:42.953742 audit.go:179: [33m[AUDIT][0m [AUDIT] Action=[GRAN] At=[2025-06-25 21:28:42] By=[sys_service] On=[orion] Notes=[Job Processing]
2025/06/25 21:28:42.960858 audit.go:179: [33m[AUDIT][0m [AUDIT] Action=[RUN_] At=[2025-06-25 21:28:42] By=[sys_service] On=[orion] Notes=[Job Processing User Job]
2025/06/25 21:28:42.977748 audit.go:179: [33m[AUDIT][0m [AUDIT] Action=[GRAN] At=[2025-06-25 21:28:42] By=[sys_service] On=[orion] Notes=[Job Processing]
2025/06/25 21:28:42.995457 audit.go:179: [33m[AUDIT][0m [AUDIT] Action=[RUN_] At=[2025-06-25 21:28:42] By=[sys_service] On=[orion] Notes=[Job Processing User Job]
2025/06/25 21:28:43.017308 audit.go:179: [33m[AUDIT][0m [AUDIT] Action=[GRAN] At=[2025-06-25 21:28:43] By=[sys_service] On=[orion] Notes=[Job Processing]
2025/06/25 21:28:43.028473 audit.go:179: [33m[AUDIT][0m [AUDIT] Action=[RUN_] At=[2025-06-25 21:28:43] By=[sys_service] On=[orion] Notes=[Job Processing User Job]
2025/06/25 21:28:43.038738 audit.go:179: [33m[AUDIT][0m [AUDIT] Action=[GRAN] At=[2025-06-25 21:28:43] By=[sys_service] On=[orion] Notes=[Job Processing]
2025/06/25 21:28:43.047171 audit.go:179: [33m[AUDIT][0m [AUDIT] Action=[RUN_] At=[2025-06-25 21:28:43] By=[sys_service] On=[orion] Notes=[Job Processing User Job]
2025/06/25 21:28:43.058962 audit.go:179: [33m[AUDIT][0m [AUDIT] Action=[GRAN] At=[2025-06-25 21:28:43] By=[sys_service] On=[orion] Notes=[Job Processing]
2025/06/25 21:28:43.066611 audit.go:179: [33m[AUDIT][0m [AUDIT] Action=[RUN_] At=[2025-06-25 21:28:43] By=[sys_service] On=[orion] Notes=[Job Processing User Job]
