2025/07/12 12:44:36.057901 database_internal.go:30: [37m[DATABASE][0m Database Connection Pool Size [10]
2025/07/12 12:44:36.066660 database_internal.go:36: [37m[DATABASE][0m [CONNECT] Opening Connection to [main.db] data (0)
2025/07/12 12:44:36.066694 database_internal.go:47: [37m[DATABASE][0m [CONNECT] (re)Opening [main.db] data connection
2025/07/12 12:44:36.066916 database_internal.go:54: [37m[DATABASE][0m [CONNECT]  Opening [main.db] data connection *{connection:<nil> Name:main databaseName:/Volumes/External HD/Dev/GitHub/frantic-mass//data/database/frantic-mass-main.db initialised:false}*
2025/07/12 12:44:36.093472 database_internal.go:64: [37m[DATABASE][0m [CONNECT]  Connection Pool [map[]]
2025/07/12 12:44:36.093490 database_internal.go:80: [37m[DATABASE][0m [CONNECTIONPOOL] Adding [main] to connection pool (/Volumes/External HD/Dev/GitHub/frantic-mass//data/database/frantic-mass-main.db)
2025/07/12 12:44:36.093494 database_internal.go:86: [37m[DATABASE][0m [CONNECTIONPOOL] Connection pool [size=1]
2025/07/12 12:44:36.093498 database_internal.go:70: [37m[DATABASE][0m [CONNECT]  Connection Pool [map[main:0x140003e0150]]
2025/07/12 12:44:36.093504 database_internal.go:72: [37m[DATABASE][0m [CONNECT]  Connection Pool [main] [/Volumes/External HD/Dev/GitHub/frantic-mass//data/database/frantic-mass-main.db] [codec=json] true
2025/07/12 12:44:36.093507 database_internal.go:74: [37m[DATABASE][0m [CONNECT] Opened [/Volumes/External HD/Dev/GitHub/frantic-mass//data/database/frantic-mass-main.db.db] data connection [codec=json] true
2025/07/12 12:44:36.101300 database_internal.go:36: [37m[DATABASE][0m [CONNECT] Opening Connection to [main.db] data (1)
2025/07/12 12:44:36.101328 database_internal.go:39: [37m[DATABASE][0m [CONNECT] Connection Pool [main] [/Volumes/External HD/Dev/GitHub/frantic-mass//data/database/frantic-mass-main.db] [codec=json]
2025/07/12 12:44:36.101331 database_internal.go:43: [37m[DATABASE][0m [CONNECT] Connection already open [main], using connection pool [/Volumes/External HD/Dev/GitHub/frantic-mass//data/database/frantic-mass-main.db] [codec=json]
2025/07/12 12:44:36.101619 database_internal.go:36: [37m[DATABASE][0m [CONNECT] Opening Connection to [main.db] data (1)
2025/07/12 12:44:36.101623 database_internal.go:39: [37m[DATABASE][0m [CONNECT] Connection Pool [main] [/Volumes/External HD/Dev/GitHub/frantic-mass//data/database/frantic-mass-main.db] [codec=json]
2025/07/12 12:44:36.101625 database_internal.go:43: [37m[DATABASE][0m [CONNECT] Connection already open [main], using connection pool [/Volumes/External HD/Dev/GitHub/frantic-mass//data/database/frantic-mass-main.db] [codec=json]
2025/07/12 12:44:36.102239 database_internal.go:36: [37m[DATABASE][0m [CONNECT] Opening Connection to [main.db] data (1)
2025/07/12 12:44:36.102250 database_internal.go:39: [37m[DATABASE][0m [CONNECT] Connection Pool [main] [/Volumes/External HD/Dev/GitHub/frantic-mass//data/database/frantic-mass-main.db] [codec=json]
2025/07/12 12:44:36.102254 database_internal.go:43: [37m[DATABASE][0m [CONNECT] Connection already open [main], using connection pool [/Volumes/External HD/Dev/GitHub/frantic-mass//data/database/frantic-mass-main.db] [codec=json]
2025/07/12 12:44:36.102540 database_internal.go:36: [37m[DATABASE][0m [CONNECT] Opening Connection to [main.db] data (1)
2025/07/12 12:44:36.102544 database_internal.go:39: [37m[DATABASE][0m [CONNECT] Connection Pool [main] [/Volumes/External HD/Dev/GitHub/frantic-mass//data/database/frantic-mass-main.db] [codec=json]
2025/07/12 12:44:36.102546 database_internal.go:43: [37m[DATABASE][0m [CONNECT] Connection already open [main], using connection pool [/Volumes/External HD/Dev/GitHub/frantic-mass//data/database/frantic-mass-main.db] [codec=json]
2025/07/12 12:44:36.102799 database_internal.go:36: [37m[DATABASE][0m [CONNECT] Opening Connection to [main.db] data (1)
2025/07/12 12:44:36.102806 database_internal.go:39: [37m[DATABASE][0m [CONNECT] Connection Pool [main] [/Volumes/External HD/Dev/GitHub/frantic-mass//data/database/frantic-mass-main.db] [codec=json]
2025/07/12 12:44:36.102808 database_internal.go:43: [37m[DATABASE][0m [CONNECT] Connection already open [main], using connection pool [/Volumes/External HD/Dev/GitHub/frantic-mass//data/database/frantic-mass-main.db] [codec=json]
2025/07/12 12:44:36.103042 database_internal.go:36: [37m[DATABASE][0m [CONNECT] Opening Connection to [main.db] data (1)
2025/07/12 12:44:36.103045 database_internal.go:39: [37m[DATABASE][0m [CONNECT] Connection Pool [main] [/Volumes/External HD/Dev/GitHub/frantic-mass//data/database/frantic-mass-main.db] [codec=json]
2025/07/12 12:44:36.103047 database_internal.go:43: [37m[DATABASE][0m [CONNECT] Connection already open [main], using connection pool [/Volumes/External HD/Dev/GitHub/frantic-mass//data/database/frantic-mass-main.db] [codec=json]
2025/07/12 12:44:36.103275 database_internal.go:36: [37m[DATABASE][0m [CONNECT] Opening Connection to [main.db] data (1)
2025/07/12 12:44:36.103277 database_internal.go:39: [37m[DATABASE][0m [CONNECT] Connection Pool [main] [/Volumes/External HD/Dev/GitHub/frantic-mass//data/database/frantic-mass-main.db] [codec=json]
2025/07/12 12:44:36.103279 database_internal.go:43: [37m[DATABASE][0m [CONNECT] Connection already open [main], using connection pool [/Volumes/External HD/Dev/GitHub/frantic-mass//data/database/frantic-mass-main.db] [codec=json]
2025/07/12 12:44:36.103530 database_internal.go:36: [37m[DATABASE][0m [CONNECT] Opening Connection to [main.db] data (1)
2025/07/12 12:44:36.103532 database_internal.go:39: [37m[DATABASE][0m [CONNECT] Connection Pool [main] [/Volumes/External HD/Dev/GitHub/frantic-mass//data/database/frantic-mass-main.db] [codec=json]
2025/07/12 12:44:36.103534 database_internal.go:43: [37m[DATABASE][0m [CONNECT] Connection already open [main], using connection pool [/Volumes/External HD/Dev/GitHub/frantic-mass//data/database/frantic-mass-main.db] [codec=json]
2025/07/12 12:44:36.103567 database.go:75: [37m[DATABASE][0m GetAll [Store][[]] [main.db]
2025/07/12 12:44:36.103624 database.go:75: [37m[DATABASE][0m GetAll [baseline_Store][[]] [main.db]
2025/07/12 12:44:36.103657 database.go:75: [37m[DATABASE][0m GetAll [tag_Store][[]] [main.db]
2025/07/12 12:44:36.103681 database.go:75: [37m[DATABASE][0m GetAll [Goal][[]] [main.db]
2025/07/12 12:44:36.103705 database.go:75: [37m[DATABASE][0m GetAll [Weight_Store][[]] [main.db]
2025/07/12 12:44:36.103724 database.go:75: [37m[DATABASE][0m GetAll [WeightProjection][[]] [main.db]
2025/07/12 12:44:36.103743 database.go:75: [37m[DATABASE][0m GetAll [weightTag_Store][[]] [main.db]
2025/07/12 12:44:36.103761 database.go:75: [37m[DATABASE][0m GetAll [weightProjectionHistory_Store][[]] [main.db]
2025/07/12 12:44:36.103780 database.go:75: [37m[DATABASE][0m GetAll [DateIndex][[]] [main.db]
2025/07/12 12:44:36.123749 database.go:101: [37m[DATABASE][0m Create [Store] [main.db] - Start
2025/07/12 12:44:36.123755 database_internal.go:104: [37m[DATABASE][0m validate [Store] [main.db]
2025/07/12 12:44:36.123821 database.go:107: [37m[DATABASE][0m Create [Store] [main.db] - End
2025/07/12 12:44:36.151967 userStore.go:31: [37m[DATABASE][0m Count User
2025/07/12 12:44:36.151973 database.go:112: [37m[DATABASE][0m Count [Store] [main.db]
2025/07/12 12:44:36.151977 database.go:114: [37m[DATABASE][0m Connection Pool [main] [/Volumes/External HD/Dev/GitHub/frantic-mass//data/database/frantic-mass-main.db] [codec=json]
2025/07/12 12:44:36.152109 database.go:101: [37m[DATABASE][0m Create [baseline_Store] [main.db] - Start
2025/07/12 12:44:36.152112 database_internal.go:104: [37m[DATABASE][0m validate [baseline_Store] [main.db]
2025/07/12 12:44:36.152137 database.go:107: [37m[DATABASE][0m Create [baseline_Store] [main.db] - End
2025/07/12 12:44:36.167020 database.go:101: [37m[DATABASE][0m Create [Goal] [main.db] - Start
2025/07/12 12:44:36.167024 database_internal.go:104: [37m[DATABASE][0m validate [Goal] [main.db]
2025/07/12 12:44:36.167040 database.go:107: [37m[DATABASE][0m Create [Goal] [main.db] - End
2025/07/12 12:44:36.182652 database.go:101: [37m[DATABASE][0m Create [Goal] [main.db] - Start
2025/07/12 12:44:36.182656 database_internal.go:104: [37m[DATABASE][0m validate [Goal] [main.db]
2025/07/12 12:44:36.182667 database.go:107: [37m[DATABASE][0m Create [Goal] [main.db] - End
2025/07/12 12:44:36.191740 database.go:101: [37m[DATABASE][0m Create [tag_Store] [main.db] - Start
2025/07/12 12:44:36.191743 database_internal.go:104: [37m[DATABASE][0m validate [tag_Store] [main.db]
2025/07/12 12:44:36.191755 database.go:107: [37m[DATABASE][0m Create [tag_Store] [main.db] - End
2025/07/12 12:44:36.206443 database.go:75: [37m[DATABASE][0m GetAll [baseline_Store][[]] [main.db]
2025/07/12 12:44:36.206514 database.go:101: [37m[DATABASE][0m Create [Weight_Store] [main.db] - Start
2025/07/12 12:44:36.206517 database_internal.go:104: [37m[DATABASE][0m validate [Weight_Store] [main.db]
2025/07/12 12:44:36.206530 database.go:107: [37m[DATABASE][0m Create [Weight_Store] [main.db] - End
2025/07/12 12:44:36.215815 database.go:75: [37m[DATABASE][0m GetAll [Goal][[]] [main.db]
2025/07/12 12:44:36.215887 database.go:75: [37m[DATABASE][0m GetAll [baseline_Store][[]] [main.db]
2025/07/12 12:44:36.216071 database.go:75: [37m[DATABASE][0m GetAll [baseline_Store][[]] [main.db]
2025/07/12 12:44:36.216117 database.go:101: [37m[DATABASE][0m Create [WeightProjection] [main.db] - Start
2025/07/12 12:44:36.216120 database_internal.go:104: [37m[DATABASE][0m validate [WeightProjection] [main.db]
2025/07/12 12:44:36.216131 database.go:107: [37m[DATABASE][0m Create [WeightProjection] [main.db] - End
2025/07/12 12:44:36.243006 database.go:75: [37m[DATABASE][0m GetAll [baseline_Store][[]] [main.db]
2025/07/12 12:44:36.243075 database.go:101: [37m[DATABASE][0m Create [WeightProjection] [main.db] - Start
2025/07/12 12:44:36.243078 database_internal.go:104: [37m[DATABASE][0m validate [WeightProjection] [main.db]
2025/07/12 12:44:36.243086 database.go:107: [37m[DATABASE][0m Create [WeightProjection] [main.db] - End
2025/07/12 12:44:36.257735 database.go:75: [37m[DATABASE][0m GetAll [baseline_Store][[]] [main.db]
2025/07/12 12:44:36.257813 database.go:101: [37m[DATABASE][0m Create [WeightProjection] [main.db] - Start
2025/07/12 12:44:36.257817 database_internal.go:104: [37m[DATABASE][0m validate [WeightProjection] [main.db]
2025/07/12 12:44:36.257830 database.go:107: [37m[DATABASE][0m Create [WeightProjection] [main.db] - End
2025/07/12 12:44:36.269608 database.go:75: [37m[DATABASE][0m GetAll [baseline_Store][[]] [main.db]
2025/07/12 12:44:36.269663 database.go:101: [37m[DATABASE][0m Create [WeightProjection] [main.db] - Start
2025/07/12 12:44:36.269666 database_internal.go:104: [37m[DATABASE][0m validate [WeightProjection] [main.db]
2025/07/12 12:44:36.269673 database.go:107: [37m[DATABASE][0m Create [WeightProjection] [main.db] - End
2025/07/12 12:44:36.285340 database.go:75: [37m[DATABASE][0m GetAll [baseline_Store][[]] [main.db]
2025/07/12 12:44:36.285405 database.go:101: [37m[DATABASE][0m Create [WeightProjection] [main.db] - Start
2025/07/12 12:44:36.285408 database_internal.go:104: [37m[DATABASE][0m validate [WeightProjection] [main.db]
2025/07/12 12:44:36.285416 database.go:107: [37m[DATABASE][0m Create [WeightProjection] [main.db] - End
2025/07/12 12:44:36.297332 database.go:75: [37m[DATABASE][0m GetAll [baseline_Store][[]] [main.db]
2025/07/12 12:44:36.297409 database.go:101: [37m[DATABASE][0m Create [WeightProjection] [main.db] - Start
2025/07/12 12:44:36.297412 database_internal.go:104: [37m[DATABASE][0m validate [WeightProjection] [main.db]
2025/07/12 12:44:36.297422 database.go:107: [37m[DATABASE][0m Create [WeightProjection] [main.db] - End
2025/07/12 12:44:36.307167 database.go:75: [37m[DATABASE][0m GetAll [baseline_Store][[]] [main.db]
2025/07/12 12:44:36.307233 database.go:101: [37m[DATABASE][0m Create [WeightProjection] [main.db] - Start
2025/07/12 12:44:36.307236 database_internal.go:104: [37m[DATABASE][0m validate [WeightProjection] [main.db]
2025/07/12 12:44:36.307244 database.go:107: [37m[DATABASE][0m Create [WeightProjection] [main.db] - End
2025/07/12 12:44:36.335251 database.go:75: [37m[DATABASE][0m GetAll [baseline_Store][[]] [main.db]
2025/07/12 12:44:36.335350 database.go:101: [37m[DATABASE][0m Create [WeightProjection] [main.db] - Start
2025/07/12 12:44:36.335354 database_internal.go:104: [37m[DATABASE][0m validate [WeightProjection] [main.db]
2025/07/12 12:44:36.335364 database.go:107: [37m[DATABASE][0m Create [WeightProjection] [main.db] - End
2025/07/12 12:44:36.358165 database.go:75: [37m[DATABASE][0m GetAll [baseline_Store][[]] [main.db]
2025/07/12 12:44:36.358231 database.go:101: [37m[DATABASE][0m Create [WeightProjection] [main.db] - Start
2025/07/12 12:44:36.358234 database_internal.go:104: [37m[DATABASE][0m validate [WeightProjection] [main.db]
2025/07/12 12:44:36.358243 database.go:107: [37m[DATABASE][0m Create [WeightProjection] [main.db] - End
2025/07/12 12:44:36.374898 database.go:75: [37m[DATABASE][0m GetAll [baseline_Store][[]] [main.db]
2025/07/12 12:44:36.374980 database.go:101: [37m[DATABASE][0m Create [WeightProjection] [main.db] - Start
2025/07/12 12:44:36.374983 database_internal.go:104: [37m[DATABASE][0m validate [WeightProjection] [main.db]
2025/07/12 12:44:36.374991 database.go:107: [37m[DATABASE][0m Create [WeightProjection] [main.db] - End
2025/07/12 12:44:36.390140 database.go:75: [37m[DATABASE][0m GetAll [baseline_Store][[]] [main.db]
2025/07/12 12:44:36.390207 database.go:101: [37m[DATABASE][0m Create [WeightProjection] [main.db] - Start
2025/07/12 12:44:36.390210 database_internal.go:104: [37m[DATABASE][0m validate [WeightProjection] [main.db]
2025/07/12 12:44:36.390221 database.go:107: [37m[DATABASE][0m Create [WeightProjection] [main.db] - End
2025/07/12 12:44:36.401802 database.go:75: [37m[DATABASE][0m GetAll [baseline_Store][[]] [main.db]
2025/07/12 12:44:36.401860 database.go:101: [37m[DATABASE][0m Create [WeightProjection] [main.db] - Start
2025/07/12 12:44:36.401862 database_internal.go:104: [37m[DATABASE][0m validate [WeightProjection] [main.db]
2025/07/12 12:44:36.401869 database.go:107: [37m[DATABASE][0m Create [WeightProjection] [main.db] - End
2025/07/12 12:44:36.411227 database.go:75: [37m[DATABASE][0m GetAll [baseline_Store][[]] [main.db]
2025/07/12 12:44:36.411277 database.go:101: [37m[DATABASE][0m Create [WeightProjection] [main.db] - Start
2025/07/12 12:44:36.411280 database_internal.go:104: [37m[DATABASE][0m validate [WeightProjection] [main.db]
2025/07/12 12:44:36.411287 database.go:107: [37m[DATABASE][0m Create [WeightProjection] [main.db] - End
2025/07/12 12:44:36.434220 database.go:75: [37m[DATABASE][0m GetAll [baseline_Store][[]] [main.db]
2025/07/12 12:44:36.434300 database.go:101: [37m[DATABASE][0m Create [WeightProjection] [main.db] - Start
2025/07/12 12:44:36.434313 database_internal.go:104: [37m[DATABASE][0m validate [WeightProjection] [main.db]
2025/07/12 12:44:36.434328 database.go:107: [37m[DATABASE][0m Create [WeightProjection] [main.db] - End
2025/07/12 12:44:36.444232 database.go:75: [37m[DATABASE][0m GetAll [baseline_Store][[]] [main.db]
2025/07/12 12:44:36.444327 database.go:101: [37m[DATABASE][0m Create [WeightProjection] [main.db] - Start
2025/07/12 12:44:36.444330 database_internal.go:104: [37m[DATABASE][0m validate [WeightProjection] [main.db]
2025/07/12 12:44:36.444339 database.go:107: [37m[DATABASE][0m Create [WeightProjection] [main.db] - End
2025/07/12 12:44:36.473184 database.go:75: [37m[DATABASE][0m GetAll [baseline_Store][[]] [main.db]
2025/07/12 12:44:36.473244 database.go:101: [37m[DATABASE][0m Create [WeightProjection] [main.db] - Start
2025/07/12 12:44:36.473246 database_internal.go:104: [37m[DATABASE][0m validate [WeightProjection] [main.db]
2025/07/12 12:44:36.473255 database.go:107: [37m[DATABASE][0m Create [WeightProjection] [main.db] - End
2025/07/12 12:44:36.488222 database.go:75: [37m[DATABASE][0m GetAll [baseline_Store][[]] [main.db]
2025/07/12 12:44:36.488329 database.go:101: [37m[DATABASE][0m Create [WeightProjection] [main.db] - Start
2025/07/12 12:44:36.488334 database_internal.go:104: [37m[DATABASE][0m validate [WeightProjection] [main.db]
2025/07/12 12:44:36.488343 database.go:107: [37m[DATABASE][0m Create [WeightProjection] [main.db] - End
2025/07/12 12:44:36.503912 database.go:75: [37m[DATABASE][0m GetAll [baseline_Store][[]] [main.db]
2025/07/12 12:44:36.503970 database.go:101: [37m[DATABASE][0m Create [WeightProjection] [main.db] - Start
2025/07/12 12:44:36.503973 database_internal.go:104: [37m[DATABASE][0m validate [WeightProjection] [main.db]
2025/07/12 12:44:36.503982 database.go:107: [37m[DATABASE][0m Create [WeightProjection] [main.db] - End
2025/07/12 12:44:36.527269 database.go:75: [37m[DATABASE][0m GetAll [baseline_Store][[]] [main.db]
2025/07/12 12:44:36.527362 database.go:101: [37m[DATABASE][0m Create [WeightProjection] [main.db] - Start
2025/07/12 12:44:36.527365 database_internal.go:104: [37m[DATABASE][0m validate [WeightProjection] [main.db]
2025/07/12 12:44:36.527372 database.go:107: [37m[DATABASE][0m Create [WeightProjection] [main.db] - End
2025/07/12 12:44:36.546839 database.go:75: [37m[DATABASE][0m GetAll [baseline_Store][[]] [main.db]
2025/07/12 12:44:36.546914 database.go:101: [37m[DATABASE][0m Create [WeightProjection] [main.db] - Start
2025/07/12 12:44:36.546920 database_internal.go:104: [37m[DATABASE][0m validate [WeightProjection] [main.db]
2025/07/12 12:44:36.546928 database.go:107: [37m[DATABASE][0m Create [WeightProjection] [main.db] - End
2025/07/12 12:44:36.558782 database.go:75: [37m[DATABASE][0m GetAll [baseline_Store][[]] [main.db]
2025/07/12 12:44:36.558835 database.go:101: [37m[DATABASE][0m Create [WeightProjection] [main.db] - Start
2025/07/12 12:44:36.558838 database_internal.go:104: [37m[DATABASE][0m validate [WeightProjection] [main.db]
2025/07/12 12:44:36.558845 database.go:107: [37m[DATABASE][0m Create [WeightProjection] [main.db] - End
2025/07/12 12:44:36.577731 database.go:75: [37m[DATABASE][0m GetAll [baseline_Store][[]] [main.db]
2025/07/12 12:44:36.577787 database.go:101: [37m[DATABASE][0m Create [WeightProjection] [main.db] - Start
2025/07/12 12:44:36.577790 database_internal.go:104: [37m[DATABASE][0m validate [WeightProjection] [main.db]
2025/07/12 12:44:36.577797 database.go:107: [37m[DATABASE][0m Create [WeightProjection] [main.db] - End
2025/07/12 12:44:36.602809 database.go:75: [37m[DATABASE][0m GetAll [baseline_Store][[]] [main.db]
2025/07/12 12:44:36.602863 database.go:101: [37m[DATABASE][0m Create [WeightProjection] [main.db] - Start
2025/07/12 12:44:36.602865 database_internal.go:104: [37m[DATABASE][0m validate [WeightProjection] [main.db]
2025/07/12 12:44:36.602878 database.go:107: [37m[DATABASE][0m Create [WeightProjection] [main.db] - End
2025/07/12 12:44:36.622654 database.go:75: [37m[DATABASE][0m GetAll [baseline_Store][[]] [main.db]
2025/07/12 12:44:36.622692 database.go:75: [37m[DATABASE][0m GetAll [Weight_Store][[]] [main.db]
2025/07/12 12:44:36.626338 database.go:75: [37m[DATABASE][0m GetAll [baseline_Store][[]] [main.db]
2025/07/12 12:44:36.626390 database.go:101: [37m[DATABASE][0m Create [WeightProjection] [main.db] - Start
2025/07/12 12:44:36.626393 database_internal.go:104: [37m[DATABASE][0m validate [WeightProjection] [main.db]
2025/07/12 12:44:36.626401 database.go:107: [37m[DATABASE][0m Create [WeightProjection] [main.db] - End
2025/07/12 12:44:36.645563 database.go:75: [37m[DATABASE][0m GetAll [baseline_Store][[]] [main.db]
2025/07/12 12:44:36.645620 database.go:101: [37m[DATABASE][0m Create [WeightProjection] [main.db] - Start
2025/07/12 12:44:36.645622 database_internal.go:104: [37m[DATABASE][0m validate [WeightProjection] [main.db]
2025/07/12 12:44:36.645629 database.go:107: [37m[DATABASE][0m Create [WeightProjection] [main.db] - End
2025/07/12 12:44:36.664423 database.go:75: [37m[DATABASE][0m GetAll [baseline_Store][[]] [main.db]
2025/07/12 12:44:36.664469 database.go:101: [37m[DATABASE][0m Create [WeightProjection] [main.db] - Start
2025/07/12 12:44:36.664472 database_internal.go:104: [37m[DATABASE][0m validate [WeightProjection] [main.db]
2025/07/12 12:44:36.664478 database.go:107: [37m[DATABASE][0m Create [WeightProjection] [main.db] - End
2025/07/12 12:44:36.693898 database.go:75: [37m[DATABASE][0m GetAll [baseline_Store][[]] [main.db]
2025/07/12 12:44:36.693974 database.go:101: [37m[DATABASE][0m Create [WeightProjection] [main.db] - Start
2025/07/12 12:44:36.693977 database_internal.go:104: [37m[DATABASE][0m validate [WeightProjection] [main.db]
2025/07/12 12:44:36.693988 database.go:107: [37m[DATABASE][0m Create [WeightProjection] [main.db] - End
2025/07/12 12:44:36.714943 database.go:75: [37m[DATABASE][0m GetAll [baseline_Store][[]] [main.db]
2025/07/12 12:44:36.715008 database.go:101: [37m[DATABASE][0m Create [WeightProjection] [main.db] - Start
2025/07/12 12:44:36.715011 database_internal.go:104: [37m[DATABASE][0m validate [WeightProjection] [main.db]
2025/07/12 12:44:36.715021 database.go:107: [37m[DATABASE][0m Create [WeightProjection] [main.db] - End
2025/07/12 12:44:36.749073 database.go:75: [37m[DATABASE][0m GetAll [baseline_Store][[]] [main.db]
2025/07/12 12:44:36.749156 database.go:101: [37m[DATABASE][0m Create [WeightProjection] [main.db] - Start
2025/07/12 12:44:36.749159 database_internal.go:104: [37m[DATABASE][0m validate [WeightProjection] [main.db]
2025/07/12 12:44:36.749171 database.go:107: [37m[DATABASE][0m Create [WeightProjection] [main.db] - End
2025/07/12 12:44:36.775949 database.go:75: [37m[DATABASE][0m GetAll [baseline_Store][[]] [main.db]
2025/07/12 12:44:36.776017 database.go:101: [37m[DATABASE][0m Create [WeightProjection] [main.db] - Start
2025/07/12 12:44:36.776020 database_internal.go:104: [37m[DATABASE][0m validate [WeightProjection] [main.db]
2025/07/12 12:44:36.776029 database.go:107: [37m[DATABASE][0m Create [WeightProjection] [main.db] - End
2025/07/12 12:44:36.797718 database.go:75: [37m[DATABASE][0m GetAll [baseline_Store][[]] [main.db]
2025/07/12 12:44:36.797778 database.go:101: [37m[DATABASE][0m Create [WeightProjection] [main.db] - Start
2025/07/12 12:44:36.797780 database_internal.go:104: [37m[DATABASE][0m validate [WeightProjection] [main.db]
2025/07/12 12:44:36.797788 database.go:107: [37m[DATABASE][0m Create [WeightProjection] [main.db] - End
2025/07/12 12:44:36.822482 database.go:75: [37m[DATABASE][0m GetAll [baseline_Store][[]] [main.db]
2025/07/12 12:44:36.822545 database.go:101: [37m[DATABASE][0m Create [WeightProjection] [main.db] - Start
2025/07/12 12:44:36.822548 database_internal.go:104: [37m[DATABASE][0m validate [WeightProjection] [main.db]
2025/07/12 12:44:36.822557 database.go:107: [37m[DATABASE][0m Create [WeightProjection] [main.db] - End
2025/07/12 12:44:36.850044 database.go:75: [37m[DATABASE][0m GetAll [baseline_Store][[]] [main.db]
2025/07/12 12:44:36.850101 database.go:101: [37m[DATABASE][0m Create [WeightProjection] [main.db] - Start
2025/07/12 12:44:36.850103 database_internal.go:104: [37m[DATABASE][0m validate [WeightProjection] [main.db]
2025/07/12 12:44:36.850113 database.go:107: [37m[DATABASE][0m Create [WeightProjection] [main.db] - End
2025/07/12 12:44:36.873468 database.go:75: [37m[DATABASE][0m GetAll [baseline_Store][[]] [main.db]
2025/07/12 12:44:36.873540 database.go:101: [37m[DATABASE][0m Create [WeightProjection] [main.db] - Start
2025/07/12 12:44:36.873543 database_internal.go:104: [37m[DATABASE][0m validate [WeightProjection] [main.db]
2025/07/12 12:44:36.873551 database.go:107: [37m[DATABASE][0m Create [WeightProjection] [main.db] - End
2025/07/12 12:44:36.886366 database.go:75: [37m[DATABASE][0m GetAll [baseline_Store][[]] [main.db]
2025/07/12 12:44:36.886429 database.go:101: [37m[DATABASE][0m Create [WeightProjection] [main.db] - Start
2025/07/12 12:44:36.886432 database_internal.go:104: [37m[DATABASE][0m validate [WeightProjection] [main.db]
2025/07/12 12:44:36.886440 database.go:107: [37m[DATABASE][0m Create [WeightProjection] [main.db] - End
2025/07/12 12:44:36.919608 database.go:75: [37m[DATABASE][0m GetAll [baseline_Store][[]] [main.db]
2025/07/12 12:44:36.919674 database.go:101: [37m[DATABASE][0m Create [WeightProjection] [main.db] - Start
2025/07/12 12:44:36.919677 database_internal.go:104: [37m[DATABASE][0m validate [WeightProjection] [main.db]
2025/07/12 12:44:36.919686 database.go:107: [37m[DATABASE][0m Create [WeightProjection] [main.db] - End
2025/07/12 12:44:36.938606 database.go:75: [37m[DATABASE][0m GetAll [baseline_Store][[]] [main.db]
2025/07/12 12:44:36.938659 database.go:101: [37m[DATABASE][0m Create [WeightProjection] [main.db] - Start
2025/07/12 12:44:36.938665 database_internal.go:104: [37m[DATABASE][0m validate [WeightProjection] [main.db]
2025/07/12 12:44:36.938672 database.go:107: [37m[DATABASE][0m Create [WeightProjection] [main.db] - End
2025/07/12 12:44:36.954373 database.go:75: [37m[DATABASE][0m GetAll [baseline_Store][[]] [main.db]
2025/07/12 12:44:36.954433 database.go:101: [37m[DATABASE][0m Create [WeightProjection] [main.db] - Start
2025/07/12 12:44:36.954436 database_internal.go:104: [37m[DATABASE][0m validate [WeightProjection] [main.db]
2025/07/12 12:44:36.954442 database.go:107: [37m[DATABASE][0m Create [WeightProjection] [main.db] - End
2025/07/12 12:44:36.968192 database.go:75: [37m[DATABASE][0m GetAll [baseline_Store][[]] [main.db]
2025/07/12 12:44:36.968248 database.go:101: [37m[DATABASE][0m Create [WeightProjection] [main.db] - Start
2025/07/12 12:44:36.968250 database_internal.go:104: [37m[DATABASE][0m validate [WeightProjection] [main.db]
2025/07/12 12:44:36.968256 database.go:107: [37m[DATABASE][0m Create [WeightProjection] [main.db] - End
2025/07/12 12:44:37.000853 database.go:75: [37m[DATABASE][0m GetAll [baseline_Store][[]] [main.db]
2025/07/12 12:44:37.000928 database.go:101: [37m[DATABASE][0m Create [WeightProjection] [main.db] - Start
2025/07/12 12:44:37.000930 database_internal.go:104: [37m[DATABASE][0m validate [WeightProjection] [main.db]
2025/07/12 12:44:37.000941 database.go:107: [37m[DATABASE][0m Create [WeightProjection] [main.db] - End
2025/07/12 12:44:37.018505 database.go:75: [37m[DATABASE][0m GetAll [baseline_Store][[]] [main.db]
2025/07/12 12:44:37.018564 database.go:101: [37m[DATABASE][0m Create [WeightProjection] [main.db] - Start
2025/07/12 12:44:37.018567 database_internal.go:104: [37m[DATABASE][0m validate [WeightProjection] [main.db]
2025/07/12 12:44:37.018576 database.go:107: [37m[DATABASE][0m Create [WeightProjection] [main.db] - End
2025/07/12 12:44:37.032303 database.go:75: [37m[DATABASE][0m GetAll [baseline_Store][[]] [main.db]
2025/07/12 12:44:37.032358 database.go:101: [37m[DATABASE][0m Create [WeightProjection] [main.db] - Start
2025/07/12 12:44:37.032361 database_internal.go:104: [37m[DATABASE][0m validate [WeightProjection] [main.db]
2025/07/12 12:44:37.032369 database.go:107: [37m[DATABASE][0m Create [WeightProjection] [main.db] - End
2025/07/12 12:44:37.061444 database.go:75: [37m[DATABASE][0m GetAll [baseline_Store][[]] [main.db]
2025/07/12 12:44:37.061503 database.go:101: [37m[DATABASE][0m Create [WeightProjection] [main.db] - Start
2025/07/12 12:44:37.061505 database_internal.go:104: [37m[DATABASE][0m validate [WeightProjection] [main.db]
2025/07/12 12:44:37.061513 database.go:107: [37m[DATABASE][0m Create [WeightProjection] [main.db] - End
2025/07/12 12:44:37.080409 database.go:75: [37m[DATABASE][0m GetAll [baseline_Store][[]] [main.db]
2025/07/12 12:44:37.080477 database.go:101: [37m[DATABASE][0m Create [WeightProjection] [main.db] - Start
2025/07/12 12:44:37.080480 database_internal.go:104: [37m[DATABASE][0m validate [WeightProjection] [main.db]
2025/07/12 12:44:37.080489 database.go:107: [37m[DATABASE][0m Create [WeightProjection] [main.db] - End
2025/07/12 12:44:37.096124 database.go:75: [37m[DATABASE][0m GetAll [baseline_Store][[]] [main.db]
2025/07/12 12:44:37.096184 database.go:101: [37m[DATABASE][0m Create [WeightProjection] [main.db] - Start
2025/07/12 12:44:37.096186 database_internal.go:104: [37m[DATABASE][0m validate [WeightProjection] [main.db]
2025/07/12 12:44:37.096194 database.go:107: [37m[DATABASE][0m Create [WeightProjection] [main.db] - End
2025/07/12 12:44:37.122359 database.go:75: [37m[DATABASE][0m GetAll [baseline_Store][[]] [main.db]
2025/07/12 12:44:37.122428 database.go:101: [37m[DATABASE][0m Create [WeightProjection] [main.db] - Start
2025/07/12 12:44:37.122432 database_internal.go:104: [37m[DATABASE][0m validate [WeightProjection] [main.db]
2025/07/12 12:44:37.122456 database.go:107: [37m[DATABASE][0m Create [WeightProjection] [main.db] - End
2025/07/12 12:44:37.141637 database.go:101: [37m[DATABASE][0m Create [weightTag_Store] [main.db] - Start
2025/07/12 12:44:37.141641 database_internal.go:104: [37m[DATABASE][0m validate [weightTag_Store] [main.db]
2025/07/12 12:44:37.141654 database.go:107: [37m[DATABASE][0m Create [weightTag_Store] [main.db] - End
2025/07/12 12:44:37.154672 database.go:101: [37m[DATABASE][0m Create [DateIndex] [main.db] - Start
2025/07/12 12:44:37.154681 database_internal.go:104: [37m[DATABASE][0m validate [DateIndex] [main.db]
2025/07/12 12:44:37.154692 database.go:107: [37m[DATABASE][0m Create [DateIndex] [main.db] - End
2025/07/12 12:44:37.167831 database.go:75: [37m[DATABASE][0m GetAll [Weight_Store][[]] [main.db]
2025/07/12 12:44:37.167919 database.go:75: [37m[DATABASE][0m GetAll [Weight_Store][[]] [main.db]
2025/07/12 12:44:37.180242 database.go:75: [37m[DATABASE][0m GetAll [Store][[]] [main.db]
2025/07/12 12:44:37.191990 database.go:75: [37m[DATABASE][0m GetAll [baseline_Store][[]] [main.db]
2025/07/12 12:44:37.197137 database.go:75: [37m[DATABASE][0m GetAll [Goal][[]] [main.db]
2025/07/12 12:44:37.202691 database.go:75: [37m[DATABASE][0m GetAll [tag_Store][[]] [main.db]
2025/07/12 12:44:37.207915 database.go:75: [37m[DATABASE][0m GetAll [WeightProjection][[]] [main.db]
2025/07/12 12:44:37.215228 database.go:75: [37m[DATABASE][0m GetAll [weightTag_Store][[]] [main.db]
2025/07/12 12:44:37.219586 database.go:75: [37m[DATABASE][0m GetAll [weightProjectionHistory_Store][[]] [main.db]
2025/07/12 12:44:37.224959 database.go:75: [37m[DATABASE][0m GetAll [DateIndex][[]] [main.db]
